[2020-01-31 20:07:07] production.ERROR: file_get_contents(C:\Users\ca.gonzalezb1\Desktop\LaravelSixDotCero\.env): failed to open stream: No such file or directory {"exception":"[object] (ErrorException(code: 0): file_get_contents(C:\\Users\\ca.gonzalezb1\\Desktop\\LaravelSixDotCero\\.env): failed to open stream: No such file or directory at C:\\Users\\ca.gonzalezb1\\Desktop\\LaravelSixDotCero\\vendor\\laravel\\framework\\src\\Illuminate\\Foundation\\Console\\KeyGenerateCommand.php:96)
[stacktrace]
#0 [internal function]: Illuminate\\Foundation\\Bootstrap\\HandleExceptions->handleError(2, 'file_get_conten...', 'C:\\\\Users\\\\ca.gon...', 96, Array)
#1 C:\\Users\\ca.gonzalezb1\\Desktop\\LaravelSixDotCero\\vendor\\laravel\\framework\\src\\Illuminate\\Foundation\\Console\\KeyGenerateCommand.php(96): file_get_contents('C:\\\\Users\\\\ca.gon...')
#2 C:\\Users\\ca.gonzalezb1\\Desktop\\LaravelSixDotCero\\vendor\\laravel\\framework\\src\\Illuminate\\Foundation\\Console\\KeyGenerateCommand.php(80): Illuminate\\Foundation\\Console\\KeyGenerateCommand->writeNewEnvironmentFileWith('base64:zntX7XBe...')
#3 C:\\Users\\ca.gonzalezb1\\Desktop\\LaravelSixDotCero\\vendor\\laravel\\framework\\src\\Illuminate\\Foundation\\Console\\KeyGenerateCommand.php(45): Illuminate\\Foundation\\Console\\KeyGenerateCommand->setKeyInEnvironmentFile('base64:zntX7XBe...')
#4 [internal function]: Illuminate\\Foundation\\Console\\KeyGenerateCommand->handle()
#5 C:\\Users\\ca.gonzalezb1\\Desktop\\LaravelSixDotCero\\vendor\\laravel\\framework\\src\\Illuminate\\Container\\BoundMethod.php(32): call_user_func_array(Array, Array)
#6 C:\\Users\\ca.gonzalezb1\\Desktop\\LaravelSixDotCero\\vendor\\laravel\\framework\\src\\Illuminate\\Container\\Util.php(36): Illuminate\\Container\\BoundMethod::Illuminate\\Container\\{closure}()
#7 C:\\Users\\ca.gonzalezb1\\Desktop\\LaravelSixDotCero\\vendor\\laravel\\framework\\src\\Illuminate\\Container\\BoundMethod.php(90): Illuminate\\Container\\Util::unwrapIfClosure(Object(Closure))
#8 C:\\Users\\ca.gonzalezb1\\Desktop\\LaravelSixDotCero\\vendor\\laravel\\framework\\src\\Illuminate\\Container\\BoundMethod.php(34): Illuminate\\Container\\BoundMethod::callBoundMethod(Object(Illuminate\\Foundation\\Application), Array, Object(Closure))
#9 C:\\Users\\ca.gonzalezb1\\Desktop\\LaravelSixDotCero\\vendor\\laravel\\framework\\src\\Illuminate\\Container\\Container.php(590): Illuminate\\Container\\BoundMethod::call(Object(Illuminate\\Foundation\\Application), Array, Array, NULL)
#10 C:\\Users\\ca.gonzalezb1\\Desktop\\LaravelSixDotCero\\vendor\\laravel\\framework\\src\\Illuminate\\Console\\Command.php(201): Illuminate\\Container\\Container->call(Array)
#11 C:\\Users\\ca.gonzalezb1\\Desktop\\LaravelSixDotCero\\vendor\\symfony\\console\\Command\\Command.php(255): Illuminate\\Console\\Command->execute(Object(Symfony\\Component\\Console\\Input\\ArgvInput), Object(Illuminate\\Console\\OutputStyle))
#12 C:\\Users\\ca.gonzalezb1\\Desktop\\LaravelSixDotCero\\vendor\\laravel\\framework\\src\\Illuminate\\Console\\Command.php(188): Symfony\\Component\\Console\\Command\\Command->run(Object(Symfony\\Component\\Console\\Input\\ArgvInput), Object(Illuminate\\Console\\OutputStyle))
#13 C:\\Users\\ca.gonzalezb1\\Desktop\\LaravelSixDotCero\\vendor\\symfony\\console\\Application.php(1012): Illuminate\\Console\\Command->run(Object(Symfony\\Component\\Console\\Input\\ArgvInput), Object(Symfony\\Component\\Console\\Output\\ConsoleOutput))
#14 C:\\Users\\ca.gonzalezb1\\Desktop\\LaravelSixDotCero\\vendor\\symfony\\console\\Application.php(272): Symfony\\Component\\Console\\Application->doRunCommand(Object(Illuminate\\Foundation\\Console\\KeyGenerateCommand), Object(Symfony\\Component\\Console\\Input\\ArgvInput), Object(Symfony\\Component\\Console\\Output\\ConsoleOutput))
#15 C:\\Users\\ca.gonzalezb1\\Desktop\\LaravelSixDotCero\\vendor\\symfony\\console\\Application.php(148): Symfony\\Component\\Console\\Application->doRun(Object(Symfony\\Component\\Console\\Input\\ArgvInput), Object(Symfony\\Component\\Console\\Output\\ConsoleOutput))
#16 C:\\Users\\ca.gonzalezb1\\Desktop\\LaravelSixDotCero\\vendor\\laravel\\framework\\src\\Illuminate\\Console\\Application.php(93): Symfony\\Component\\Console\\Application->run(Object(Symfony\\Component\\Console\\Input\\ArgvInput), Object(Symfony\\Component\\Console\\Output\\ConsoleOutput))
#17 C:\\Users\\ca.gonzalezb1\\Desktop\\LaravelSixDotCero\\vendor\\laravel\\framework\\src\\Illuminate\\Foundation\\Console\\Kernel.php(131): Illuminate\\Console\\Application->run(Object(Symfony\\Component\\Console\\Input\\ArgvInput), Object(Symfony\\Component\\Console\\Output\\ConsoleOutput))
#18 C:\\Users\\ca.gonzalezb1\\Desktop\\LaravelSixDotCero\\artisan(37): Illuminate\\Foundation\\Console\\Kernel->handle(Object(Symfony\\Component\\Console\\Input\\ArgvInput), Object(Symfony\\Component\\Console\\Output\\ConsoleOutput))
#19 {main}
"} 
[2020-01-31 20:10:08] local.ERROR: SQLSTATE[HY000] [1049] Unknown database 'dblaravelsix' (SQL: SHOW FULL TABLES WHERE table_type = 'BASE TABLE') {"exception":"[object] (Illuminate\\Database\\QueryException(code: 1049): SQLSTATE[HY000] [1049] Unknown database 'dblaravelsix' (SQL: SHOW FULL TABLES WHERE table_type = 'BASE TABLE') at C:\\Users\\ca.gonzalezb1\\Desktop\\LaravelSixDotCero\\vendor\\laravel\\framework\\src\\Illuminate\\Database\\Connection.php:669)
[stacktrace]
#0 C:\\Users\\ca.gonzalezb1\\Desktop\\LaravelSixDotCero\\vendor\\laravel\\framework\\src\\Illuminate\\Database\\Connection.php(629): Illuminate\\Database\\Connection->runQueryCallback('SHOW FULL TABLE...', Array, Object(Closure))
#1 C:\\Users\\ca.gonzalezb1\\Desktop\\LaravelSixDotCero\\vendor\\laravel\\framework\\src\\Illuminate\\Database\\Connection.php(338): Illuminate\\Database\\Connection->run('SHOW FULL TABLE...', Array, Object(Closure))
#2 C:\\Users\\ca.gonzalezb1\\Desktop\\LaravelSixDotCero\\vendor\\laravel\\framework\\src\\Illuminate\\Database\\Schema\\MySqlBuilder.php(99): Illuminate\\Database\\Connection->select('SHOW FULL TABLE...')
#3 C:\\Users\\ca.gonzalezb1\\Desktop\\LaravelSixDotCero\\vendor\\laravel\\framework\\src\\Illuminate\\Database\\Schema\\MySqlBuilder.php(48): Illuminate\\Database\\Schema\\MySqlBuilder->getAllTables()
#4 C:\\Users\\ca.gonzalezb1\\Desktop\\LaravelSixDotCero\\vendor\\laravel\\framework\\src\\Illuminate\\Database\\Console\\WipeCommand.php(67): Illuminate\\Database\\Schema\\MySqlBuilder->dropAllTables()
#5 C:\\Users\\ca.gonzalezb1\\Desktop\\LaravelSixDotCero\\vendor\\laravel\\framework\\src\\Illuminate\\Database\\Console\\WipeCommand.php(46): Illuminate\\Database\\Console\\WipeCommand->dropAllTables(NULL)
#6 [internal function]: Illuminate\\Database\\Console\\WipeCommand->handle()
#7 C:\\Users\\ca.gonzalezb1\\Desktop\\LaravelSixDotCero\\vendor\\laravel\\framework\\src\\Illuminate\\Container\\BoundMethod.php(32): call_user_func_array(Array, Array)
#8 C:\\Users\\ca.gonzalezb1\\Desktop\\LaravelSixDotCero\\vendor\\laravel\\framework\\src\\Illuminate\\Container\\Util.php(36): Illuminate\\Container\\BoundMethod::Illuminate\\Container\\{closure}()
#9 C:\\Users\\ca.gonzalezb1\\Desktop\\LaravelSixDotCero\\vendor\\laravel\\framework\\src\\Illuminate\\Container\\BoundMethod.php(90): Illuminate\\Container\\Util::unwrapIfClosure(Object(Closure))
#10 C:\\Users\\ca.gonzalezb1\\Desktop\\LaravelSixDotCero\\vendor\\laravel\\framework\\src\\Illuminate\\Container\\BoundMethod.php(34): Illuminate\\Container\\BoundMethod::callBoundMethod(Object(Illuminate\\Foundation\\Application), Array, Object(Closure))
#11 C:\\Users\\ca.gonzalezb1\\Desktop\\LaravelSixDotCero\\vendor\\laravel\\framework\\src\\Illuminate\\Container\\Container.php(590): Illuminate\\Container\\BoundMethod::call(Object(Illuminate\\Foundation\\Application), Array, Array, NULL)
#12 C:\\Users\\ca.gonzalezb1\\Desktop\\LaravelSixDotCero\\vendor\\laravel\\framework\\src\\Illuminate\\Console\\Command.php(201): Illuminate\\Container\\Container->call(Array)
#13 C:\\Users\\ca.gonzalezb1\\Desktop\\LaravelSixDotCero\\vendor\\symfony\\console\\Command\\Command.php(255): Illuminate\\Console\\Command->execute(Object(Symfony\\Component\\Console\\Input\\ArrayInput), Object(Illuminate\\Console\\OutputStyle))
#14 C:\\Users\\ca.gonzalezb1\\Desktop\\LaravelSixDotCero\\vendor\\laravel\\framework\\src\\Illuminate\\Console\\Command.php(188): Symfony\\Component\\Console\\Command\\Command->run(Object(Symfony\\Component\\Console\\Input\\ArrayInput), Object(Illuminate\\Console\\OutputStyle))
#15 C:\\Users\\ca.gonzalezb1\\Desktop\\LaravelSixDotCero\\vendor\\laravel\\framework\\src\\Illuminate\\Console\\Concerns\\CallsCommands.php(56): Illuminate\\Console\\Command->run(Object(Symfony\\Component\\Console\\Input\\ArrayInput), Object(Illuminate\\Console\\OutputStyle))
#16 C:\\Users\\ca.gonzalezb1\\Desktop\\LaravelSixDotCero\\vendor\\laravel\\framework\\src\\Illuminate\\Console\\Concerns\\CallsCommands.php(28): Illuminate\\Console\\Command->runCommand('db:wipe', Array, Object(Illuminate\\Console\\OutputStyle))
#17 C:\\Users\\ca.gonzalezb1\\Desktop\\LaravelSixDotCero\\vendor\\laravel\\framework\\src\\Illuminate\\Database\\Console\\Migrations\\FreshCommand.php(41): Illuminate\\Console\\Command->call('db:wipe', Array)
#18 [internal function]: Illuminate\\Database\\Console\\Migrations\\FreshCommand->handle()
#19 C:\\Users\\ca.gonzalezb1\\Desktop\\LaravelSixDotCero\\vendor\\laravel\\framework\\src\\Illuminate\\Container\\BoundMethod.php(32): call_user_func_array(Array, Array)
#20 C:\\Users\\ca.gonzalezb1\\Desktop\\LaravelSixDotCero\\vendor\\laravel\\framework\\src\\Illuminate\\Container\\Util.php(36): Illuminate\\Container\\BoundMethod::Illuminate\\Container\\{closure}()
#21 C:\\Users\\ca.gonzalezb1\\Desktop\\LaravelSixDotCero\\vendor\\laravel\\framework\\src\\Illuminate\\Container\\BoundMethod.php(90): Illuminate\\Container\\Util::unwrapIfClosure(Object(Closure))
#22 C:\\Users\\ca.gonzalezb1\\Desktop\\LaravelSixDotCero\\vendor\\laravel\\framework\\src\\Illuminate\\Container\\BoundMethod.php(34): Illuminate\\Container\\BoundMethod::callBoundMethod(Object(Illuminate\\Foundation\\Application), Array, Object(Closure))
#23 C:\\Users\\ca.gonzalezb1\\Desktop\\LaravelSixDotCero\\vendor\\laravel\\framework\\src\\Illuminate\\Container\\Container.php(590): Illuminate\\Container\\BoundMethod::call(Object(Illuminate\\Foundation\\Application), Array, Array, NULL)
#24 C:\\Users\\ca.gonzalezb1\\Desktop\\LaravelSixDotCero\\vendor\\laravel\\framework\\src\\Illuminate\\Console\\Command.php(201): Illuminate\\Container\\Container->call(Array)
#25 C:\\Users\\ca.gonzalezb1\\Desktop\\LaravelSixDotCero\\vendor\\symfony\\console\\Command\\Command.php(255): Illuminate\\Console\\Command->execute(Object(Symfony\\Component\\Console\\Input\\ArgvInput), Object(Illuminate\\Console\\OutputStyle))
#26 C:\\Users\\ca.gonzalezb1\\Desktop\\LaravelSixDotCero\\vendor\\laravel\\framework\\src\\Illuminate\\Console\\Command.php(188): Symfony\\Component\\Console\\Command\\Command->run(Object(Symfony\\Component\\Console\\Input\\ArgvInput), Object(Illuminate\\Console\\OutputStyle))
#27 C:\\Users\\ca.gonzalezb1\\Desktop\\LaravelSixDotCero\\vendor\\symfony\\console\\Application.php(1012): Illuminate\\Console\\Command->run(Object(Symfony\\Component\\Console\\Input\\ArgvInput), Object(Symfony\\Component\\Console\\Output\\ConsoleOutput))
#28 C:\\Users\\ca.gonzalezb1\\Desktop\\LaravelSixDotCero\\vendor\\symfony\\console\\Application.php(272): Symfony\\Component\\Console\\Application->doRunCommand(Object(Illuminate\\Database\\Console\\Migrations\\FreshCommand), Object(Symfony\\Component\\Console\\Input\\ArgvInput), Object(Symfony\\Component\\Console\\Output\\ConsoleOutput))
#29 C:\\Users\\ca.gonzalezb1\\Desktop\\LaravelSixDotCero\\vendor\\symfony\\console\\Application.php(148): Symfony\\Component\\Console\\Application->doRun(Object(Symfony\\Component\\Console\\Input\\ArgvInput), Object(Symfony\\Component\\Console\\Output\\ConsoleOutput))
#30 C:\\Users\\ca.gonzalezb1\\Desktop\\LaravelSixDotCero\\vendor\\laravel\\framework\\src\\Illuminate\\Console\\Application.php(93): Symfony\\Component\\Console\\Application->run(Object(Symfony\\Component\\Console\\Input\\ArgvInput), Object(Symfony\\Component\\Console\\Output\\ConsoleOutput))
#31 C:\\Users\\ca.gonzalezb1\\Desktop\\LaravelSixDotCero\\vendor\\laravel\\framework\\src\\Illuminate\\Foundation\\Console\\Kernel.php(131): Illuminate\\Console\\Application->run(Object(Symfony\\Component\\Console\\Input\\ArgvInput), Object(Symfony\\Component\\Console\\Output\\ConsoleOutput))
#32 C:\\Users\\ca.gonzalezb1\\Desktop\\LaravelSixDotCero\\artisan(37): Illuminate\\Foundation\\Console\\Kernel->handle(Object(Symfony\\Component\\Console\\Input\\ArgvInput), Object(Symfony\\Component\\Console\\Output\\ConsoleOutput))
#33 {main}

[previous exception] [object] (Doctrine\\DBAL\\Driver\\PDOException(code: 1049): SQLSTATE[HY000] [1049] Unknown database 'dblaravelsix' at C:\\Users\\ca.gonzalezb1\\Desktop\\LaravelSixDotCero\\vendor\\doctrine\\dbal\\lib\\Doctrine\\DBAL\\Driver\\PDOConnection.php:31)
[stacktrace]
#0 C:\\Users\\ca.gonzalezb1\\Desktop\\LaravelSixDotCero\\vendor\\laravel\\framework\\src\\Illuminate\\Database\\Connectors\\Connector.php(67): Doctrine\\DBAL\\Driver\\PDOConnection->__construct('mysql:host=127....', 'root', '', Array)
#1 C:\\Users\\ca.gonzalezb1\\Desktop\\LaravelSixDotCero\\vendor\\laravel\\framework\\src\\Illuminate\\Database\\Connectors\\Connector.php(46): Illuminate\\Database\\Connectors\\Connector->createPdoConnection('mysql:host=127....', 'root', '', Array)
#2 C:\\Users\\ca.gonzalezb1\\Desktop\\LaravelSixDotCero\\vendor\\laravel\\framework\\src\\Illuminate\\Database\\Connectors\\MySqlConnector.php(24): Illuminate\\Database\\Connectors\\Connector->createConnection('mysql:host=127....', Array, Array)
#3 C:\\Users\\ca.gonzalezb1\\Desktop\\LaravelSixDotCero\\vendor\\laravel\\framework\\src\\Illuminate\\Database\\Connectors\\ConnectionFactory.php(182): Illuminate\\Database\\Connectors\\MySqlConnector->connect(Array)
#4 [internal function]: Illuminate\\Database\\Connectors\\ConnectionFactory->Illuminate\\Database\\Connectors\\{closure}()
#5 C:\\Users\\ca.gonzalezb1\\Desktop\\LaravelSixDotCero\\vendor\\laravel\\framework\\src\\Illuminate\\Database\\Connection.php(924): call_user_func(Object(Closure))
#6 C:\\Users\\ca.gonzalezb1\\Desktop\\LaravelSixDotCero\\vendor\\laravel\\framework\\src\\Illuminate\\Database\\Connection.php(959): Illuminate\\Database\\Connection->getPdo()
#7 C:\\Users\\ca.gonzalezb1\\Desktop\\LaravelSixDotCero\\vendor\\laravel\\framework\\src\\Illuminate\\Database\\Connection.php(404): Illuminate\\Database\\Connection->getReadPdo()
#8 C:\\Users\\ca.gonzalezb1\\Desktop\\LaravelSixDotCero\\vendor\\laravel\\framework\\src\\Illuminate\\Database\\Connection.php(330): Illuminate\\Database\\Connection->getPdoForSelect(true)
#9 C:\\Users\\ca.gonzalezb1\\Desktop\\LaravelSixDotCero\\vendor\\laravel\\framework\\src\\Illuminate\\Database\\Connection.php(662): Illuminate\\Database\\Connection->Illuminate\\Database\\{closure}('SHOW FULL TABLE...', Array)
#10 C:\\Users\\ca.gonzalezb1\\Desktop\\LaravelSixDotCero\\vendor\\laravel\\framework\\src\\Illuminate\\Database\\Connection.php(629): Illuminate\\Database\\Connection->runQueryCallback('SHOW FULL TABLE...', Array, Object(Closure))
#11 C:\\Users\\ca.gonzalezb1\\Desktop\\LaravelSixDotCero\\vendor\\laravel\\framework\\src\\Illuminate\\Database\\Connection.php(338): Illuminate\\Database\\Connection->run('SHOW FULL TABLE...', Array, Object(Closure))
#12 C:\\Users\\ca.gonzalezb1\\Desktop\\LaravelSixDotCero\\vendor\\laravel\\framework\\src\\Illuminate\\Database\\Schema\\MySqlBuilder.php(99): Illuminate\\Database\\Connection->select('SHOW FULL TABLE...')
#13 C:\\Users\\ca.gonzalezb1\\Desktop\\LaravelSixDotCero\\vendor\\laravel\\framework\\src\\Illuminate\\Database\\Schema\\MySqlBuilder.php(48): Illuminate\\Database\\Schema\\MySqlBuilder->getAllTables()
#14 C:\\Users\\ca.gonzalezb1\\Desktop\\LaravelSixDotCero\\vendor\\laravel\\framework\\src\\Illuminate\\Database\\Console\\WipeCommand.php(67): Illuminate\\Database\\Schema\\MySqlBuilder->dropAllTables()
#15 C:\\Users\\ca.gonzalezb1\\Desktop\\LaravelSixDotCero\\vendor\\laravel\\framework\\src\\Illuminate\\Database\\Console\\WipeCommand.php(46): Illuminate\\Database\\Console\\WipeCommand->dropAllTables(NULL)
#16 [internal function]: Illuminate\\Database\\Console\\WipeCommand->handle()
#17 C:\\Users\\ca.gonzalezb1\\Desktop\\LaravelSixDotCero\\vendor\\laravel\\framework\\src\\Illuminate\\Container\\BoundMethod.php(32): call_user_func_array(Array, Array)
#18 C:\\Users\\ca.gonzalezb1\\Desktop\\LaravelSixDotCero\\vendor\\laravel\\framework\\src\\Illuminate\\Container\\Util.php(36): Illuminate\\Container\\BoundMethod::Illuminate\\Container\\{closure}()
#19 C:\\Users\\ca.gonzalezb1\\Desktop\\LaravelSixDotCero\\vendor\\laravel\\framework\\src\\Illuminate\\Container\\BoundMethod.php(90): Illuminate\\Container\\Util::unwrapIfClosure(Object(Closure))
#20 C:\\Users\\ca.gonzalezb1\\Desktop\\LaravelSixDotCero\\vendor\\laravel\\framework\\src\\Illuminate\\Container\\BoundMethod.php(34): Illuminate\\Container\\BoundMethod::callBoundMethod(Object(Illuminate\\Foundation\\Application), Array, Object(Closure))
#21 C:\\Users\\ca.gonzalezb1\\Desktop\\LaravelSixDotCero\\vendor\\laravel\\framework\\src\\Illuminate\\Container\\Container.php(590): Illuminate\\Container\\BoundMethod::call(Object(Illuminate\\Foundation\\Application), Array, Array, NULL)
#22 C:\\Users\\ca.gonzalezb1\\Desktop\\LaravelSixDotCero\\vendor\\laravel\\framework\\src\\Illuminate\\Console\\Command.php(201): Illuminate\\Container\\Container->call(Array)
#23 C:\\Users\\ca.gonzalezb1\\Desktop\\LaravelSixDotCero\\vendor\\symfony\\console\\Command\\Command.php(255): Illuminate\\Console\\Command->execute(Object(Symfony\\Component\\Console\\Input\\ArrayInput), Object(Illuminate\\Console\\OutputStyle))
#24 C:\\Users\\ca.gonzalezb1\\Desktop\\LaravelSixDotCero\\vendor\\laravel\\framework\\src\\Illuminate\\Console\\Command.php(188): Symfony\\Component\\Console\\Command\\Command->run(Object(Symfony\\Component\\Console\\Input\\ArrayInput), Object(Illuminate\\Console\\OutputStyle))
#25 C:\\Users\\ca.gonzalezb1\\Desktop\\LaravelSixDotCero\\vendor\\laravel\\framework\\src\\Illuminate\\Console\\Concerns\\CallsCommands.php(56): Illuminate\\Console\\Command->run(Object(Symfony\\Component\\Console\\Input\\ArrayInput), Object(Illuminate\\Console\\OutputStyle))
#26 C:\\Users\\ca.gonzalezb1\\Desktop\\LaravelSixDotCero\\vendor\\laravel\\framework\\src\\Illuminate\\Console\\Concerns\\CallsCommands.php(28): Illuminate\\Console\\Command->runCommand('db:wipe', Array, Object(Illuminate\\Console\\OutputStyle))
#27 C:\\Users\\ca.gonzalezb1\\Desktop\\LaravelSixDotCero\\vendor\\laravel\\framework\\src\\Illuminate\\Database\\Console\\Migrations\\FreshCommand.php(41): Illuminate\\Console\\Command->call('db:wipe', Array)
#28 [internal function]: Illuminate\\Database\\Console\\Migrations\\FreshCommand->handle()
#29 C:\\Users\\ca.gonzalezb1\\Desktop\\LaravelSixDotCero\\vendor\\laravel\\framework\\src\\Illuminate\\Container\\BoundMethod.php(32): call_user_func_array(Array, Array)
#30 C:\\Users\\ca.gonzalezb1\\Desktop\\LaravelSixDotCero\\vendor\\laravel\\framework\\src\\Illuminate\\Container\\Util.php(36): Illuminate\\Container\\BoundMethod::Illuminate\\Container\\{closure}()
#31 C:\\Users\\ca.gonzalezb1\\Desktop\\LaravelSixDotCero\\vendor\\laravel\\framework\\src\\Illuminate\\Container\\BoundMethod.php(90): Illuminate\\Container\\Util::unwrapIfClosure(Object(Closure))
#32 C:\\Users\\ca.gonzalezb1\\Desktop\\LaravelSixDotCero\\vendor\\laravel\\framework\\src\\Illuminate\\Container\\BoundMethod.php(34): Illuminate\\Container\\BoundMethod::callBoundMethod(Object(Illuminate\\Foundation\\Application), Array, Object(Closure))
#33 C:\\Users\\ca.gonzalezb1\\Desktop\\LaravelSixDotCero\\vendor\\laravel\\framework\\src\\Illuminate\\Container\\Container.php(590): Illuminate\\Container\\BoundMethod::call(Object(Illuminate\\Foundation\\Application), Array, Array, NULL)
#34 C:\\Users\\ca.gonzalezb1\\Desktop\\LaravelSixDotCero\\vendor\\laravel\\framework\\src\\Illuminate\\Console\\Command.php(201): Illuminate\\Container\\Container->call(Array)
#35 C:\\Users\\ca.gonzalezb1\\Desktop\\LaravelSixDotCero\\vendor\\symfony\\console\\Command\\Command.php(255): Illuminate\\Console\\Command->execute(Object(Symfony\\Component\\Console\\Input\\ArgvInput), Object(Illuminate\\Console\\OutputStyle))
#36 C:\\Users\\ca.gonzalezb1\\Desktop\\LaravelSixDotCero\\vendor\\laravel\\framework\\src\\Illuminate\\Console\\Command.php(188): Symfony\\Component\\Console\\Command\\Command->run(Object(Symfony\\Component\\Console\\Input\\ArgvInput), Object(Illuminate\\Console\\OutputStyle))
#37 C:\\Users\\ca.gonzalezb1\\Desktop\\LaravelSixDotCero\\vendor\\symfony\\console\\Application.php(1012): Illuminate\\Console\\Command->run(Object(Symfony\\Component\\Console\\Input\\ArgvInput), Object(Symfony\\Component\\Console\\Output\\ConsoleOutput))
#38 C:\\Users\\ca.gonzalezb1\\Desktop\\LaravelSixDotCero\\vendor\\symfony\\console\\Application.php(272): Symfony\\Component\\Console\\Application->doRunCommand(Object(Illuminate\\Database\\Console\\Migrations\\FreshCommand), Object(Symfony\\Component\\Console\\Input\\ArgvInput), Object(Symfony\\Component\\Console\\Output\\ConsoleOutput))
#39 C:\\Users\\ca.gonzalezb1\\Desktop\\LaravelSixDotCero\\vendor\\symfony\\console\\Application.php(148): Symfony\\Component\\Console\\Application->doRun(Object(Symfony\\Component\\Console\\Input\\ArgvInput), Object(Symfony\\Component\\Console\\Output\\ConsoleOutput))
#40 C:\\Users\\ca.gonzalezb1\\Desktop\\LaravelSixDotCero\\vendor\\laravel\\framework\\src\\Illuminate\\Console\\Application.php(93): Symfony\\Component\\Console\\Application->run(Object(Symfony\\Component\\Console\\Input\\ArgvInput), Object(Symfony\\Component\\Console\\Output\\ConsoleOutput))
#41 C:\\Users\\ca.gonzalezb1\\Desktop\\LaravelSixDotCero\\vendor\\laravel\\framework\\src\\Illuminate\\Foundation\\Console\\Kernel.php(131): Illuminate\\Console\\Application->run(Object(Symfony\\Component\\Console\\Input\\ArgvInput), Object(Symfony\\Component\\Console\\Output\\ConsoleOutput))
#42 C:\\Users\\ca.gonzalezb1\\Desktop\\LaravelSixDotCero\\artisan(37): Illuminate\\Foundation\\Console\\Kernel->handle(Object(Symfony\\Component\\Console\\Input\\ArgvInput), Object(Symfony\\Component\\Console\\Output\\ConsoleOutput))
#43 {main}

[previous exception] [object] (PDOException(code: 1049): SQLSTATE[HY000] [1049] Unknown database 'dblaravelsix' at C:\\Users\\ca.gonzalezb1\\Desktop\\LaravelSixDotCero\\vendor\\doctrine\\dbal\\lib\\Doctrine\\DBAL\\Driver\\PDOConnection.php:27)
[stacktrace]
#0 C:\\Users\\ca.gonzalezb1\\Desktop\\LaravelSixDotCero\\vendor\\doctrine\\dbal\\lib\\Doctrine\\DBAL\\Driver\\PDOConnection.php(27): PDO->__construct('mysql:host=127....', 'root', '', Array)
#1 C:\\Users\\ca.gonzalezb1\\Desktop\\LaravelSixDotCero\\vendor\\laravel\\framework\\src\\Illuminate\\Database\\Connectors\\Connector.php(67): Doctrine\\DBAL\\Driver\\PDOConnection->__construct('mysql:host=127....', 'root', '', Array)
#2 C:\\Users\\ca.gonzalezb1\\Desktop\\LaravelSixDotCero\\vendor\\laravel\\framework\\src\\Illuminate\\Database\\Connectors\\Connector.php(46): Illuminate\\Database\\Connectors\\Connector->createPdoConnection('mysql:host=127....', 'root', '', Array)
#3 C:\\Users\\ca.gonzalezb1\\Desktop\\LaravelSixDotCero\\vendor\\laravel\\framework\\src\\Illuminate\\Database\\Connectors\\MySqlConnector.php(24): Illuminate\\Database\\Connectors\\Connector->createConnection('mysql:host=127....', Array, Array)
#4 C:\\Users\\ca.gonzalezb1\\Desktop\\LaravelSixDotCero\\vendor\\laravel\\framework\\src\\Illuminate\\Database\\Connectors\\ConnectionFactory.php(182): Illuminate\\Database\\Connectors\\MySqlConnector->connect(Array)
#5 [internal function]: Illuminate\\Database\\Connectors\\ConnectionFactory->Illuminate\\Database\\Connectors\\{closure}()
#6 C:\\Users\\ca.gonzalezb1\\Desktop\\LaravelSixDotCero\\vendor\\laravel\\framework\\src\\Illuminate\\Database\\Connection.php(924): call_user_func(Object(Closure))
#7 C:\\Users\\ca.gonzalezb1\\Desktop\\LaravelSixDotCero\\vendor\\laravel\\framework\\src\\Illuminate\\Database\\Connection.php(959): Illuminate\\Database\\Connection->getPdo()
#8 C:\\Users\\ca.gonzalezb1\\Desktop\\LaravelSixDotCero\\vendor\\laravel\\framework\\src\\Illuminate\\Database\\Connection.php(404): Illuminate\\Database\\Connection->getReadPdo()
#9 C:\\Users\\ca.gonzalezb1\\Desktop\\LaravelSixDotCero\\vendor\\laravel\\framework\\src\\Illuminate\\Database\\Connection.php(330): Illuminate\\Database\\Connection->getPdoForSelect(true)
#10 C:\\Users\\ca.gonzalezb1\\Desktop\\LaravelSixDotCero\\vendor\\laravel\\framework\\src\\Illuminate\\Database\\Connection.php(662): Illuminate\\Database\\Connection->Illuminate\\Database\\{closure}('SHOW FULL TABLE...', Array)
#11 C:\\Users\\ca.gonzalezb1\\Desktop\\LaravelSixDotCero\\vendor\\laravel\\framework\\src\\Illuminate\\Database\\Connection.php(629): Illuminate\\Database\\Connection->runQueryCallback('SHOW FULL TABLE...', Array, Object(Closure))
#12 C:\\Users\\ca.gonzalezb1\\Desktop\\LaravelSixDotCero\\vendor\\laravel\\framework\\src\\Illuminate\\Database\\Connection.php(338): Illuminate\\Database\\Connection->run('SHOW FULL TABLE...', Array, Object(Closure))
#13 C:\\Users\\ca.gonzalezb1\\Desktop\\LaravelSixDotCero\\vendor\\laravel\\framework\\src\\Illuminate\\Database\\Schema\\MySqlBuilder.php(99): Illuminate\\Database\\Connection->select('SHOW FULL TABLE...')
#14 C:\\Users\\ca.gonzalezb1\\Desktop\\LaravelSixDotCero\\vendor\\laravel\\framework\\src\\Illuminate\\Database\\Schema\\MySqlBuilder.php(48): Illuminate\\Database\\Schema\\MySqlBuilder->getAllTables()
#15 C:\\Users\\ca.gonzalezb1\\Desktop\\LaravelSixDotCero\\vendor\\laravel\\framework\\src\\Illuminate\\Database\\Console\\WipeCommand.php(67): Illuminate\\Database\\Schema\\MySqlBuilder->dropAllTables()
#16 C:\\Users\\ca.gonzalezb1\\Desktop\\LaravelSixDotCero\\vendor\\laravel\\framework\\src\\Illuminate\\Database\\Console\\WipeCommand.php(46): Illuminate\\Database\\Console\\WipeCommand->dropAllTables(NULL)
#17 [internal function]: Illuminate\\Database\\Console\\WipeCommand->handle()
#18 C:\\Users\\ca.gonzalezb1\\Desktop\\LaravelSixDotCero\\vendor\\laravel\\framework\\src\\Illuminate\\Container\\BoundMethod.php(32): call_user_func_array(Array, Array)
#19 C:\\Users\\ca.gonzalezb1\\Desktop\\LaravelSixDotCero\\vendor\\laravel\\framework\\src\\Illuminate\\Container\\Util.php(36): Illuminate\\Container\\BoundMethod::Illuminate\\Container\\{closure}()
#20 C:\\Users\\ca.gonzalezb1\\Desktop\\LaravelSixDotCero\\vendor\\laravel\\framework\\src\\Illuminate\\Container\\BoundMethod.php(90): Illuminate\\Container\\Util::unwrapIfClosure(Object(Closure))
#21 C:\\Users\\ca.gonzalezb1\\Desktop\\LaravelSixDotCero\\vendor\\laravel\\framework\\src\\Illuminate\\Container\\BoundMethod.php(34): Illuminate\\Container\\BoundMethod::callBoundMethod(Object(Illuminate\\Foundation\\Application), Array, Object(Closure))
#22 C:\\Users\\ca.gonzalezb1\\Desktop\\LaravelSixDotCero\\vendor\\laravel\\framework\\src\\Illuminate\\Container\\Container.php(590): Illuminate\\Container\\BoundMethod::call(Object(Illuminate\\Foundation\\Application), Array, Array, NULL)
#23 C:\\Users\\ca.gonzalezb1\\Desktop\\LaravelSixDotCero\\vendor\\laravel\\framework\\src\\Illuminate\\Console\\Command.php(201): Illuminate\\Container\\Container->call(Array)
#24 C:\\Users\\ca.gonzalezb1\\Desktop\\LaravelSixDotCero\\vendor\\symfony\\console\\Command\\Command.php(255): Illuminate\\Console\\Command->execute(Object(Symfony\\Component\\Console\\Input\\ArrayInput), Object(Illuminate\\Console\\OutputStyle))
#25 C:\\Users\\ca.gonzalezb1\\Desktop\\LaravelSixDotCero\\vendor\\laravel\\framework\\src\\Illuminate\\Console\\Command.php(188): Symfony\\Component\\Console\\Command\\Command->run(Object(Symfony\\Component\\Console\\Input\\ArrayInput), Object(Illuminate\\Console\\OutputStyle))
#26 C:\\Users\\ca.gonzalezb1\\Desktop\\LaravelSixDotCero\\vendor\\laravel\\framework\\src\\Illuminate\\Console\\Concerns\\CallsCommands.php(56): Illuminate\\Console\\Command->run(Object(Symfony\\Component\\Console\\Input\\ArrayInput), Object(Illuminate\\Console\\OutputStyle))
#27 C:\\Users\\ca.gonzalezb1\\Desktop\\LaravelSixDotCero\\vendor\\laravel\\framework\\src\\Illuminate\\Console\\Concerns\\CallsCommands.php(28): Illuminate\\Console\\Command->runCommand('db:wipe', Array, Object(Illuminate\\Console\\OutputStyle))
#28 C:\\Users\\ca.gonzalezb1\\Desktop\\LaravelSixDotCero\\vendor\\laravel\\framework\\src\\Illuminate\\Database\\Console\\Migrations\\FreshCommand.php(41): Illuminate\\Console\\Command->call('db:wipe', Array)
#29 [internal function]: Illuminate\\Database\\Console\\Migrations\\FreshCommand->handle()
#30 C:\\Users\\ca.gonzalezb1\\Desktop\\LaravelSixDotCero\\vendor\\laravel\\framework\\src\\Illuminate\\Container\\BoundMethod.php(32): call_user_func_array(Array, Array)
#31 C:\\Users\\ca.gonzalezb1\\Desktop\\LaravelSixDotCero\\vendor\\laravel\\framework\\src\\Illuminate\\Container\\Util.php(36): Illuminate\\Container\\BoundMethod::Illuminate\\Container\\{closure}()
#32 C:\\Users\\ca.gonzalezb1\\Desktop\\LaravelSixDotCero\\vendor\\laravel\\framework\\src\\Illuminate\\Container\\BoundMethod.php(90): Illuminate\\Container\\Util::unwrapIfClosure(Object(Closure))
#33 C:\\Users\\ca.gonzalezb1\\Desktop\\LaravelSixDotCero\\vendor\\laravel\\framework\\src\\Illuminate\\Container\\BoundMethod.php(34): Illuminate\\Container\\BoundMethod::callBoundMethod(Object(Illuminate\\Foundation\\Application), Array, Object(Closure))
#34 C:\\Users\\ca.gonzalezb1\\Desktop\\LaravelSixDotCero\\vendor\\laravel\\framework\\src\\Illuminate\\Container\\Container.php(590): Illuminate\\Container\\BoundMethod::call(Object(Illuminate\\Foundation\\Application), Array, Array, NULL)
#35 C:\\Users\\ca.gonzalezb1\\Desktop\\LaravelSixDotCero\\vendor\\laravel\\framework\\src\\Illuminate\\Console\\Command.php(201): Illuminate\\Container\\Container->call(Array)
#36 C:\\Users\\ca.gonzalezb1\\Desktop\\LaravelSixDotCero\\vendor\\symfony\\console\\Command\\Command.php(255): Illuminate\\Console\\Command->execute(Object(Symfony\\Component\\Console\\Input\\ArgvInput), Object(Illuminate\\Console\\OutputStyle))
#37 C:\\Users\\ca.gonzalezb1\\Desktop\\LaravelSixDotCero\\vendor\\laravel\\framework\\src\\Illuminate\\Console\\Command.php(188): Symfony\\Component\\Console\\Command\\Command->run(Object(Symfony\\Component\\Console\\Input\\ArgvInput), Object(Illuminate\\Console\\OutputStyle))
#38 C:\\Users\\ca.gonzalezb1\\Desktop\\LaravelSixDotCero\\vendor\\symfony\\console\\Application.php(1012): Illuminate\\Console\\Command->run(Object(Symfony\\Component\\Console\\Input\\ArgvInput), Object(Symfony\\Component\\Console\\Output\\ConsoleOutput))
#39 C:\\Users\\ca.gonzalezb1\\Desktop\\LaravelSixDotCero\\vendor\\symfony\\console\\Application.php(272): Symfony\\Component\\Console\\Application->doRunCommand(Object(Illuminate\\Database\\Console\\Migrations\\FreshCommand), Object(Symfony\\Component\\Console\\Input\\ArgvInput), Object(Symfony\\Component\\Console\\Output\\ConsoleOutput))
#40 C:\\Users\\ca.gonzalezb1\\Desktop\\LaravelSixDotCero\\vendor\\symfony\\console\\Application.php(148): Symfony\\Component\\Console\\Application->doRun(Object(Symfony\\Component\\Console\\Input\\ArgvInput), Object(Symfony\\Component\\Console\\Output\\ConsoleOutput))
#41 C:\\Users\\ca.gonzalezb1\\Desktop\\LaravelSixDotCero\\vendor\\laravel\\framework\\src\\Illuminate\\Console\\Application.php(93): Symfony\\Component\\Console\\Application->run(Object(Symfony\\Component\\Console\\Input\\ArgvInput), Object(Symfony\\Component\\Console\\Output\\ConsoleOutput))
#42 C:\\Users\\ca.gonzalezb1\\Desktop\\LaravelSixDotCero\\vendor\\laravel\\framework\\src\\Illuminate\\Foundation\\Console\\Kernel.php(131): Illuminate\\Console\\Application->run(Object(Symfony\\Component\\Console\\Input\\ArgvInput), Object(Symfony\\Component\\Console\\Output\\ConsoleOutput))
#43 C:\\Users\\ca.gonzalezb1\\Desktop\\LaravelSixDotCero\\artisan(37): Illuminate\\Foundation\\Console\\Kernel->handle(Object(Symfony\\Component\\Console\\Input\\ArgvInput), Object(Symfony\\Component\\Console\\Output\\ConsoleOutput))
#44 {main}
"} 
