[2020-01-28 18:48:05] local.INFO: User Logged Out.  [{"App\\Models\\User":{"id":2,"name":"britney.kiehn","first_name":"Casey","last_name":"Fay","email":"user@user.com","signup_ip_address":"62.159.245.77","signup_confirmation_ip_address":"96.29.40.216","signup_sm_ip_address":null,"admin_ip_address":null,"updated_ip_address":null,"deleted_ip_address":null,"created_at":"2020-01-28 18:41:14","updated_at":"2020-01-28 18:41:14","deleted_at":null}}] 
[2020-01-28 18:49:39] local.INFO: User Logged Out.  [{"App\\Models\\User":{"id":1,"name":"evalyn32","first_name":"Hyman","last_name":"Luettgen","email":"admin@admin.com","signup_ip_address":null,"signup_confirmation_ip_address":"144.66.44.113","signup_sm_ip_address":null,"admin_ip_address":"164.234.42.248","updated_ip_address":null,"deleted_ip_address":null,"created_at":"2020-01-28 18:41:13","updated_at":"2020-01-28 18:41:13","deleted_at":null}}] 
[2020-01-28 18:51:10] local.ERROR: Class 'Locale' not found {"userId":1,"exception":"[object] (Symfony\\Component\\Debug\\Exception\\FatalThrowableError(code: 0): Class 'Locale' not found at C:\\Users\\d.gutierrezg\\Desktop\\laravel-auth\\vendor\\jeremykenedy\\laravel-logger\\src\\app\\Http\\Traits\\UserAgentDetails.php:95)
[stacktrace]
#0 C:\\Users\\d.gutierrezg\\Desktop\\laravel-auth\\vendor\\jeremykenedy\\laravel-logger\\src\\app\\Http\\Controllers\\LaravelLoggerController.php(52): jeremykenedy\\LaravelLogger\\App\\Http\\Traits\\UserAgentDetails::localeLang('es-CO,es-419;q=...')
#1 [internal function]: jeremykenedy\\LaravelLogger\\App\\Http\\Controllers\\LaravelLoggerController->jeremykenedy\\LaravelLogger\\App\\Http\\Controllers\\{closure}(Object(jeremykenedy\\LaravelLogger\\App\\Models\\Activity), 0)
#2 C:\\Users\\d.gutierrezg\\Desktop\\laravel-auth\\vendor\\laravel\\framework\\src\\Illuminate\\Support\\Collection.php(638): array_map(Object(Closure), Array, Array)
#3 C:\\Users\\d.gutierrezg\\Desktop\\laravel-auth\\vendor\\laravel\\framework\\src\\Illuminate\\Database\\Eloquent\\Collection.php(254): Illuminate\\Support\\Collection->map(Object(Closure))
#4 C:\\Users\\d.gutierrezg\\Desktop\\laravel-auth\\vendor\\laravel\\framework\\src\\Illuminate\\Support\\Traits\\ForwardsCalls.php(23): Illuminate\\Database\\Eloquent\\Collection->map(Object(Closure))
#5 C:\\Users\\d.gutierrezg\\Desktop\\laravel-auth\\vendor\\laravel\\framework\\src\\Illuminate\\Pagination\\AbstractPaginator.php(657): Illuminate\\Pagination\\AbstractPaginator->forwardCallTo(Object(Illuminate\\Database\\Eloquent\\Collection), 'map', Array)
#6 C:\\Users\\d.gutierrezg\\Desktop\\laravel-auth\\vendor\\jeremykenedy\\laravel-logger\\src\\app\\Http\\Controllers\\LaravelLoggerController.php(56): Illuminate\\Pagination\\AbstractPaginator->__call('map', Array)
#7 C:\\Users\\d.gutierrezg\\Desktop\\laravel-auth\\vendor\\jeremykenedy\\laravel-logger\\src\\app\\Http\\Controllers\\LaravelLoggerController.php(85): jeremykenedy\\LaravelLogger\\App\\Http\\Controllers\\LaravelLoggerController->mapAdditionalDetails(Object(Illuminate\\Pagination\\LengthAwarePaginator))
#8 [internal function]: jeremykenedy\\LaravelLogger\\App\\Http\\Controllers\\LaravelLoggerController->showAccessLog(Object(Illuminate\\Http\\Request))
#9 C:\\Users\\d.gutierrezg\\Desktop\\laravel-auth\\vendor\\laravel\\framework\\src\\Illuminate\\Routing\\Controller.php(54): call_user_func_array(Array, Array)
#10 C:\\Users\\d.gutierrezg\\Desktop\\laravel-auth\\vendor\\laravel\\framework\\src\\Illuminate\\Routing\\ControllerDispatcher.php(45): Illuminate\\Routing\\Controller->callAction('showAccessLog', Array)
#11 C:\\Users\\d.gutierrezg\\Desktop\\laravel-auth\\vendor\\laravel\\framework\\src\\Illuminate\\Routing\\Route.php(219): Illuminate\\Routing\\ControllerDispatcher->dispatch(Object(Illuminate\\Routing\\Route), Object(jeremykenedy\\LaravelLogger\\App\\Http\\Controllers\\LaravelLoggerController), 'showAccessLog')
#12 C:\\Users\\d.gutierrezg\\Desktop\\laravel-auth\\vendor\\laravel\\framework\\src\\Illuminate\\Routing\\Route.php(176): Illuminate\\Routing\\Route->runController()
#13 C:\\Users\\d.gutierrezg\\Desktop\\laravel-auth\\vendor\\laravel\\framework\\src\\Illuminate\\Routing\\Router.php(681): Illuminate\\Routing\\Route->run()
#14 C:\\Users\\d.gutierrezg\\Desktop\\laravel-auth\\vendor\\laravel\\framework\\src\\Illuminate\\Pipeline\\Pipeline.php(130): Illuminate\\Routing\\Router->Illuminate\\Routing\\{closure}(Object(Illuminate\\Http\\Request))
#15 C:\\Users\\d.gutierrezg\\Desktop\\laravel-auth\\vendor\\jeremykenedy\\laravel-roles\\src\\App\\Http\\Middleware\\VerifyRole.php(41): Illuminate\\Pipeline\\Pipeline->Illuminate\\Pipeline\\{closure}(Object(Illuminate\\Http\\Request))
#16 C:\\Users\\d.gutierrezg\\Desktop\\laravel-auth\\vendor\\laravel\\framework\\src\\Illuminate\\Pipeline\\Pipeline.php(171): jeremykenedy\\LaravelRoles\\App\\Http\\Middleware\\VerifyRole->handle(Object(Illuminate\\Http\\Request), Object(Closure), 'admin')
#17 C:\\Users\\d.gutierrezg\\Desktop\\laravel-auth\\vendor\\jeremykenedy\\laravel-logger\\src\\app\\Http\\Middleware\\LogActivity.php(27): Illuminate\\Pipeline\\Pipeline->Illuminate\\Pipeline\\{closure}(Object(Illuminate\\Http\\Request))
#18 C:\\Users\\d.gutierrezg\\Desktop\\laravel-auth\\vendor\\laravel\\framework\\src\\Illuminate\\Pipeline\\Pipeline.php(171): jeremykenedy\\LaravelLogger\\App\\Http\\Middleware\\LogActivity->handle(Object(Illuminate\\Http\\Request), Object(Closure))
#19 C:\\Users\\d.gutierrezg\\Desktop\\laravel-auth\\vendor\\laravel\\framework\\src\\Illuminate\\Routing\\Middleware\\SubstituteBindings.php(41): Illuminate\\Pipeline\\Pipeline->Illuminate\\Pipeline\\{closure}(Object(Illuminate\\Http\\Request))
#20 C:\\Users\\d.gutierrezg\\Desktop\\laravel-auth\\vendor\\laravel\\framework\\src\\Illuminate\\Pipeline\\Pipeline.php(171): Illuminate\\Routing\\Middleware\\SubstituteBindings->handle(Object(Illuminate\\Http\\Request), Object(Closure))
#21 C:\\Users\\d.gutierrezg\\Desktop\\laravel-auth\\vendor\\laravel\\framework\\src\\Illuminate\\Auth\\Middleware\\Authenticate.php(43): Illuminate\\Pipeline\\Pipeline->Illuminate\\Pipeline\\{closure}(Object(Illuminate\\Http\\Request))
#22 C:\\Users\\d.gutierrezg\\Desktop\\laravel-auth\\vendor\\laravel\\framework\\src\\Illuminate\\Pipeline\\Pipeline.php(171): Illuminate\\Auth\\Middleware\\Authenticate->handle(Object(Illuminate\\Http\\Request), Object(Closure))
#23 C:\\Users\\d.gutierrezg\\Desktop\\laravel-auth\\vendor\\laravel\\framework\\src\\Illuminate\\Foundation\\Http\\Middleware\\VerifyCsrfToken.php(76): Illuminate\\Pipeline\\Pipeline->Illuminate\\Pipeline\\{closure}(Object(Illuminate\\Http\\Request))
#24 C:\\Users\\d.gutierrezg\\Desktop\\laravel-auth\\vendor\\laravel\\framework\\src\\Illuminate\\Pipeline\\Pipeline.php(171): Illuminate\\Foundation\\Http\\Middleware\\VerifyCsrfToken->handle(Object(Illuminate\\Http\\Request), Object(Closure))
#25 C:\\Users\\d.gutierrezg\\Desktop\\laravel-auth\\vendor\\laravel\\framework\\src\\Illuminate\\View\\Middleware\\ShareErrorsFromSession.php(49): Illuminate\\Pipeline\\Pipeline->Illuminate\\Pipeline\\{closure}(Object(Illuminate\\Http\\Request))
#26 C:\\Users\\d.gutierrezg\\Desktop\\laravel-auth\\vendor\\laravel\\framework\\src\\Illuminate\\Pipeline\\Pipeline.php(171): Illuminate\\View\\Middleware\\ShareErrorsFromSession->handle(Object(Illuminate\\Http\\Request), Object(Closure))
#27 C:\\Users\\d.gutierrezg\\Desktop\\laravel-auth\\vendor\\laravel\\framework\\src\\Illuminate\\Session\\Middleware\\StartSession.php(56): Illuminate\\Pipeline\\Pipeline->Illuminate\\Pipeline\\{closure}(Object(Illuminate\\Http\\Request))
#28 C:\\Users\\d.gutierrezg\\Desktop\\laravel-auth\\vendor\\laravel\\framework\\src\\Illuminate\\Pipeline\\Pipeline.php(171): Illuminate\\Session\\Middleware\\StartSession->handle(Object(Illuminate\\Http\\Request), Object(Closure))
#29 C:\\Users\\d.gutierrezg\\Desktop\\laravel-auth\\vendor\\laravel\\framework\\src\\Illuminate\\Cookie\\Middleware\\AddQueuedCookiesToResponse.php(37): Illuminate\\Pipeline\\Pipeline->Illuminate\\Pipeline\\{closure}(Object(Illuminate\\Http\\Request))
#30 C:\\Users\\d.gutierrezg\\Desktop\\laravel-auth\\vendor\\laravel\\framework\\src\\Illuminate\\Pipeline\\Pipeline.php(171): Illuminate\\Cookie\\Middleware\\AddQueuedCookiesToResponse->handle(Object(Illuminate\\Http\\Request), Object(Closure))
#31 C:\\Users\\d.gutierrezg\\Desktop\\laravel-auth\\vendor\\laravel\\framework\\src\\Illuminate\\Cookie\\Middleware\\EncryptCookies.php(66): Illuminate\\Pipeline\\Pipeline->Illuminate\\Pipeline\\{closure}(Object(Illuminate\\Http\\Request))
#32 C:\\Users\\d.gutierrezg\\Desktop\\laravel-auth\\vendor\\laravel\\framework\\src\\Illuminate\\Pipeline\\Pipeline.php(171): Illuminate\\Cookie\\Middleware\\EncryptCookies->handle(Object(Illuminate\\Http\\Request), Object(Closure))
#33 C:\\Users\\d.gutierrezg\\Desktop\\laravel-auth\\vendor\\laravel\\framework\\src\\Illuminate\\Pipeline\\Pipeline.php(105): Illuminate\\Pipeline\\Pipeline->Illuminate\\Pipeline\\{closure}(Object(Illuminate\\Http\\Request))
#34 C:\\Users\\d.gutierrezg\\Desktop\\laravel-auth\\vendor\\laravel\\framework\\src\\Illuminate\\Routing\\Router.php(683): Illuminate\\Pipeline\\Pipeline->then(Object(Closure))
#35 C:\\Users\\d.gutierrezg\\Desktop\\laravel-auth\\vendor\\laravel\\framework\\src\\Illuminate\\Routing\\Router.php(658): Illuminate\\Routing\\Router->runRouteWithinStack(Object(Illuminate\\Routing\\Route), Object(Illuminate\\Http\\Request))
#36 C:\\Users\\d.gutierrezg\\Desktop\\laravel-auth\\vendor\\laravel\\framework\\src\\Illuminate\\Routing\\Router.php(624): Illuminate\\Routing\\Router->runRoute(Object(Illuminate\\Http\\Request), Object(Illuminate\\Routing\\Route))
#37 C:\\Users\\d.gutierrezg\\Desktop\\laravel-auth\\vendor\\laravel\\framework\\src\\Illuminate\\Routing\\Router.php(613): Illuminate\\Routing\\Router->dispatchToRoute(Object(Illuminate\\Http\\Request))
#38 C:\\Users\\d.gutierrezg\\Desktop\\laravel-auth\\vendor\\laravel\\framework\\src\\Illuminate\\Foundation\\Http\\Kernel.php(170): Illuminate\\Routing\\Router->dispatch(Object(Illuminate\\Http\\Request))
#39 C:\\Users\\d.gutierrezg\\Desktop\\laravel-auth\\vendor\\laravel\\framework\\src\\Illuminate\\Pipeline\\Pipeline.php(130): Illuminate\\Foundation\\Http\\Kernel->Illuminate\\Foundation\\Http\\{closure}(Object(Illuminate\\Http\\Request))
#40 C:\\Users\\d.gutierrezg\\Desktop\\laravel-auth\\vendor\\barryvdh\\laravel-debugbar\\src\\Middleware\\InjectDebugbar.php(65): Illuminate\\Pipeline\\Pipeline->Illuminate\\Pipeline\\{closure}(Object(Illuminate\\Http\\Request))
#41 C:\\Users\\d.gutierrezg\\Desktop\\laravel-auth\\vendor\\laravel\\framework\\src\\Illuminate\\Pipeline\\Pipeline.php(171): Barryvdh\\Debugbar\\Middleware\\InjectDebugbar->handle(Object(Illuminate\\Http\\Request), Object(Closure))
#42 C:\\Users\\d.gutierrezg\\Desktop\\laravel-auth\\vendor\\fideloper\\proxy\\src\\TrustProxies.php(57): Illuminate\\Pipeline\\Pipeline->Illuminate\\Pipeline\\{closure}(Object(Illuminate\\Http\\Request))
#43 C:\\Users\\d.gutierrezg\\Desktop\\laravel-auth\\vendor\\laravel\\framework\\src\\Illuminate\\Pipeline\\Pipeline.php(171): Fideloper\\Proxy\\TrustProxies->handle(Object(Illuminate\\Http\\Request), Object(Closure))
#44 C:\\Users\\d.gutierrezg\\Desktop\\laravel-auth\\vendor\\laravel\\framework\\src\\Illuminate\\Foundation\\Http\\Middleware\\TransformsRequest.php(21): Illuminate\\Pipeline\\Pipeline->Illuminate\\Pipeline\\{closure}(Object(Illuminate\\Http\\Request))
#45 C:\\Users\\d.gutierrezg\\Desktop\\laravel-auth\\vendor\\laravel\\framework\\src\\Illuminate\\Pipeline\\Pipeline.php(171): Illuminate\\Foundation\\Http\\Middleware\\TransformsRequest->handle(Object(Illuminate\\Http\\Request), Object(Closure))
#46 C:\\Users\\d.gutierrezg\\Desktop\\laravel-auth\\vendor\\laravel\\framework\\src\\Illuminate\\Foundation\\Http\\Middleware\\TransformsRequest.php(21): Illuminate\\Pipeline\\Pipeline->Illuminate\\Pipeline\\{closure}(Object(Illuminate\\Http\\Request))
#47 C:\\Users\\d.gutierrezg\\Desktop\\laravel-auth\\vendor\\laravel\\framework\\src\\Illuminate\\Pipeline\\Pipeline.php(171): Illuminate\\Foundation\\Http\\Middleware\\TransformsRequest->handle(Object(Illuminate\\Http\\Request), Object(Closure))
#48 C:\\Users\\d.gutierrezg\\Desktop\\laravel-auth\\vendor\\laravel\\framework\\src\\Illuminate\\Foundation\\Http\\Middleware\\ValidatePostSize.php(27): Illuminate\\Pipeline\\Pipeline->Illuminate\\Pipeline\\{closure}(Object(Illuminate\\Http\\Request))
#49 C:\\Users\\d.gutierrezg\\Desktop\\laravel-auth\\vendor\\laravel\\framework\\src\\Illuminate\\Pipeline\\Pipeline.php(171): Illuminate\\Foundation\\Http\\Middleware\\ValidatePostSize->handle(Object(Illuminate\\Http\\Request), Object(Closure))
#50 C:\\Users\\d.gutierrezg\\Desktop\\laravel-auth\\vendor\\laravel\\framework\\src\\Illuminate\\Foundation\\Http\\Middleware\\CheckForMaintenanceMode.php(63): Illuminate\\Pipeline\\Pipeline->Illuminate\\Pipeline\\{closure}(Object(Illuminate\\Http\\Request))
#51 C:\\Users\\d.gutierrezg\\Desktop\\laravel-auth\\vendor\\laravel\\framework\\src\\Illuminate\\Pipeline\\Pipeline.php(171): Illuminate\\Foundation\\Http\\Middleware\\CheckForMaintenanceMode->handle(Object(Illuminate\\Http\\Request), Object(Closure))
#52 C:\\Users\\d.gutierrezg\\Desktop\\laravel-auth\\vendor\\laravel\\framework\\src\\Illuminate\\Pipeline\\Pipeline.php(105): Illuminate\\Pipeline\\Pipeline->Illuminate\\Pipeline\\{closure}(Object(Illuminate\\Http\\Request))
#53 C:\\Users\\d.gutierrezg\\Desktop\\laravel-auth\\vendor\\laravel\\framework\\src\\Illuminate\\Foundation\\Http\\Kernel.php(145): Illuminate\\Pipeline\\Pipeline->then(Object(Closure))
#54 C:\\Users\\d.gutierrezg\\Desktop\\laravel-auth\\vendor\\laravel\\framework\\src\\Illuminate\\Foundation\\Http\\Kernel.php(110): Illuminate\\Foundation\\Http\\Kernel->sendRequestThroughRouter(Object(Illuminate\\Http\\Request))
#55 C:\\Users\\d.gutierrezg\\Desktop\\laravel-auth\\public\\index.php(52): Illuminate\\Foundation\\Http\\Kernel->handle(Object(Illuminate\\Http\\Request))
#56 C:\\Users\\d.gutierrezg\\Desktop\\laravel-auth\\server.php(19): require_once('C:\\\\Users\\\\d.guti...')
#57 {main}
"} 
[2020-01-28 18:53:59] local.INFO: CheckCurrentUser middlware was used: profile.edit.  [{"App\\Models\\User":{"id":1,"name":"evalyn32","first_name":"Hyman","last_name":"Luettgen","email":"admin@admin.com","signup_ip_address":null,"signup_confirmation_ip_address":"144.66.44.113","signup_sm_ip_address":null,"admin_ip_address":"164.234.42.248","updated_ip_address":null,"deleted_ip_address":null,"created_at":"2020-01-28 18:41:13","updated_at":"2020-01-28 18:41:13","deleted_at":null,"profile":{"id":1,"user_id":1,"theme_id":1,"location":null,"bio":null,"twitter_username":null,"github_username":null,"avatar":null,"avatar_status":0,"created_at":"2020-01-28 18:41:13","updated_at":"2020-01-28 18:41:13"}}}] 
[2020-01-28 18:58:15] local.INFO: CheckCurrentUser middlware was used: profile.update.  [{"App\\Models\\User":{"id":1,"name":"evalyn32","first_name":"Hyman","last_name":"Luettgen","email":"admin@admin.com","signup_ip_address":null,"signup_confirmation_ip_address":"144.66.44.113","signup_sm_ip_address":null,"admin_ip_address":"164.234.42.248","updated_ip_address":null,"deleted_ip_address":null,"created_at":"2020-01-28 18:41:13","updated_at":"2020-01-28 18:41:13","deleted_at":null}}] 
[2020-01-28 18:58:18] local.INFO: CheckCurrentUser middlware was used: profile.edit.  [{"App\\Models\\User":{"id":1,"name":"evalyn32","first_name":"Hyman","last_name":"Luettgen","email":"admin@admin.com","signup_ip_address":null,"signup_confirmation_ip_address":"144.66.44.113","signup_sm_ip_address":null,"admin_ip_address":"164.234.42.248","updated_ip_address":"0.0.0.0","deleted_ip_address":null,"created_at":"2020-01-28 18:41:13","updated_at":"2020-01-28 18:58:15","deleted_at":null,"profile":{"id":1,"user_id":1,"theme_id":15,"location":null,"bio":null,"twitter_username":null,"github_username":null,"avatar":null,"avatar_status":0,"created_at":"2020-01-28 18:41:13","updated_at":"2020-01-28 18:58:15"}}}] 
[2020-01-28 18:58:36] local.INFO: CheckCurrentUser middlware was used: profile.update.  [{"App\\Models\\User":{"id":1,"name":"evalyn32","first_name":"Hyman","last_name":"Luettgen","email":"admin@admin.com","signup_ip_address":null,"signup_confirmation_ip_address":"144.66.44.113","signup_sm_ip_address":null,"admin_ip_address":"164.234.42.248","updated_ip_address":"0.0.0.0","deleted_ip_address":null,"created_at":"2020-01-28 18:41:13","updated_at":"2020-01-28 18:58:15","deleted_at":null}}] 
[2020-01-28 18:58:39] local.INFO: CheckCurrentUser middlware was used: profile.edit.  [{"App\\Models\\User":{"id":1,"name":"evalyn32","first_name":"Hyman","last_name":"Luettgen","email":"admin@admin.com","signup_ip_address":null,"signup_confirmation_ip_address":"144.66.44.113","signup_sm_ip_address":null,"admin_ip_address":"164.234.42.248","updated_ip_address":"0.0.0.0","deleted_ip_address":null,"created_at":"2020-01-28 18:41:13","updated_at":"2020-01-28 18:58:15","deleted_at":null,"profile":{"id":1,"user_id":1,"theme_id":18,"location":null,"bio":null,"twitter_username":null,"github_username":null,"avatar":null,"avatar_status":0,"created_at":"2020-01-28 18:41:13","updated_at":"2020-01-28 18:58:36"}}}] 
[2020-01-28 19:08:09] local.ERROR: Class 'Locale' not found {"userId":1,"exception":"[object] (Symfony\\Component\\Debug\\Exception\\FatalThrowableError(code: 0): Class 'Locale' not found at C:\\Users\\d.gutierrezg\\Desktop\\laravel-auth\\vendor\\jeremykenedy\\laravel-logger\\src\\app\\Http\\Traits\\UserAgentDetails.php:95)
[stacktrace]
#0 C:\\Users\\d.gutierrezg\\Desktop\\laravel-auth\\vendor\\jeremykenedy\\laravel-logger\\src\\app\\Http\\Controllers\\LaravelLoggerController.php(52): jeremykenedy\\LaravelLogger\\App\\Http\\Traits\\UserAgentDetails::localeLang('es-CO,es-419;q=...')
#1 [internal function]: jeremykenedy\\LaravelLogger\\App\\Http\\Controllers\\LaravelLoggerController->jeremykenedy\\LaravelLogger\\App\\Http\\Controllers\\{closure}(Object(jeremykenedy\\LaravelLogger\\App\\Models\\Activity), 0)
#2 C:\\Users\\d.gutierrezg\\Desktop\\laravel-auth\\vendor\\laravel\\framework\\src\\Illuminate\\Support\\Collection.php(638): array_map(Object(Closure), Array, Array)
#3 C:\\Users\\d.gutierrezg\\Desktop\\laravel-auth\\vendor\\laravel\\framework\\src\\Illuminate\\Database\\Eloquent\\Collection.php(254): Illuminate\\Support\\Collection->map(Object(Closure))
#4 C:\\Users\\d.gutierrezg\\Desktop\\laravel-auth\\vendor\\laravel\\framework\\src\\Illuminate\\Support\\Traits\\ForwardsCalls.php(23): Illuminate\\Database\\Eloquent\\Collection->map(Object(Closure))
#5 C:\\Users\\d.gutierrezg\\Desktop\\laravel-auth\\vendor\\laravel\\framework\\src\\Illuminate\\Pagination\\AbstractPaginator.php(657): Illuminate\\Pagination\\AbstractPaginator->forwardCallTo(Object(Illuminate\\Database\\Eloquent\\Collection), 'map', Array)
#6 C:\\Users\\d.gutierrezg\\Desktop\\laravel-auth\\vendor\\jeremykenedy\\laravel-logger\\src\\app\\Http\\Controllers\\LaravelLoggerController.php(56): Illuminate\\Pagination\\AbstractPaginator->__call('map', Array)
#7 C:\\Users\\d.gutierrezg\\Desktop\\laravel-auth\\vendor\\jeremykenedy\\laravel-logger\\src\\app\\Http\\Controllers\\LaravelLoggerController.php(85): jeremykenedy\\LaravelLogger\\App\\Http\\Controllers\\LaravelLoggerController->mapAdditionalDetails(Object(Illuminate\\Pagination\\LengthAwarePaginator))
#8 [internal function]: jeremykenedy\\LaravelLogger\\App\\Http\\Controllers\\LaravelLoggerController->showAccessLog(Object(Illuminate\\Http\\Request))
#9 C:\\Users\\d.gutierrezg\\Desktop\\laravel-auth\\vendor\\laravel\\framework\\src\\Illuminate\\Routing\\Controller.php(54): call_user_func_array(Array, Array)
#10 C:\\Users\\d.gutierrezg\\Desktop\\laravel-auth\\vendor\\laravel\\framework\\src\\Illuminate\\Routing\\ControllerDispatcher.php(45): Illuminate\\Routing\\Controller->callAction('showAccessLog', Array)
#11 C:\\Users\\d.gutierrezg\\Desktop\\laravel-auth\\vendor\\laravel\\framework\\src\\Illuminate\\Routing\\Route.php(219): Illuminate\\Routing\\ControllerDispatcher->dispatch(Object(Illuminate\\Routing\\Route), Object(jeremykenedy\\LaravelLogger\\App\\Http\\Controllers\\LaravelLoggerController), 'showAccessLog')
#12 C:\\Users\\d.gutierrezg\\Desktop\\laravel-auth\\vendor\\laravel\\framework\\src\\Illuminate\\Routing\\Route.php(176): Illuminate\\Routing\\Route->runController()
#13 C:\\Users\\d.gutierrezg\\Desktop\\laravel-auth\\vendor\\laravel\\framework\\src\\Illuminate\\Routing\\Router.php(681): Illuminate\\Routing\\Route->run()
#14 C:\\Users\\d.gutierrezg\\Desktop\\laravel-auth\\vendor\\laravel\\framework\\src\\Illuminate\\Pipeline\\Pipeline.php(130): Illuminate\\Routing\\Router->Illuminate\\Routing\\{closure}(Object(Illuminate\\Http\\Request))
#15 C:\\Users\\d.gutierrezg\\Desktop\\laravel-auth\\vendor\\jeremykenedy\\laravel-roles\\src\\App\\Http\\Middleware\\VerifyRole.php(41): Illuminate\\Pipeline\\Pipeline->Illuminate\\Pipeline\\{closure}(Object(Illuminate\\Http\\Request))
#16 C:\\Users\\d.gutierrezg\\Desktop\\laravel-auth\\vendor\\laravel\\framework\\src\\Illuminate\\Pipeline\\Pipeline.php(171): jeremykenedy\\LaravelRoles\\App\\Http\\Middleware\\VerifyRole->handle(Object(Illuminate\\Http\\Request), Object(Closure), 'admin')
#17 C:\\Users\\d.gutierrezg\\Desktop\\laravel-auth\\vendor\\jeremykenedy\\laravel-logger\\src\\app\\Http\\Middleware\\LogActivity.php(27): Illuminate\\Pipeline\\Pipeline->Illuminate\\Pipeline\\{closure}(Object(Illuminate\\Http\\Request))
#18 C:\\Users\\d.gutierrezg\\Desktop\\laravel-auth\\vendor\\laravel\\framework\\src\\Illuminate\\Pipeline\\Pipeline.php(171): jeremykenedy\\LaravelLogger\\App\\Http\\Middleware\\LogActivity->handle(Object(Illuminate\\Http\\Request), Object(Closure))
#19 C:\\Users\\d.gutierrezg\\Desktop\\laravel-auth\\vendor\\laravel\\framework\\src\\Illuminate\\Routing\\Middleware\\SubstituteBindings.php(41): Illuminate\\Pipeline\\Pipeline->Illuminate\\Pipeline\\{closure}(Object(Illuminate\\Http\\Request))
#20 C:\\Users\\d.gutierrezg\\Desktop\\laravel-auth\\vendor\\laravel\\framework\\src\\Illuminate\\Pipeline\\Pipeline.php(171): Illuminate\\Routing\\Middleware\\SubstituteBindings->handle(Object(Illuminate\\Http\\Request), Object(Closure))
#21 C:\\Users\\d.gutierrezg\\Desktop\\laravel-auth\\vendor\\laravel\\framework\\src\\Illuminate\\Auth\\Middleware\\Authenticate.php(43): Illuminate\\Pipeline\\Pipeline->Illuminate\\Pipeline\\{closure}(Object(Illuminate\\Http\\Request))
#22 C:\\Users\\d.gutierrezg\\Desktop\\laravel-auth\\vendor\\laravel\\framework\\src\\Illuminate\\Pipeline\\Pipeline.php(171): Illuminate\\Auth\\Middleware\\Authenticate->handle(Object(Illuminate\\Http\\Request), Object(Closure))
#23 C:\\Users\\d.gutierrezg\\Desktop\\laravel-auth\\vendor\\laravel\\framework\\src\\Illuminate\\Foundation\\Http\\Middleware\\VerifyCsrfToken.php(76): Illuminate\\Pipeline\\Pipeline->Illuminate\\Pipeline\\{closure}(Object(Illuminate\\Http\\Request))
#24 C:\\Users\\d.gutierrezg\\Desktop\\laravel-auth\\vendor\\laravel\\framework\\src\\Illuminate\\Pipeline\\Pipeline.php(171): Illuminate\\Foundation\\Http\\Middleware\\VerifyCsrfToken->handle(Object(Illuminate\\Http\\Request), Object(Closure))
#25 C:\\Users\\d.gutierrezg\\Desktop\\laravel-auth\\vendor\\laravel\\framework\\src\\Illuminate\\View\\Middleware\\ShareErrorsFromSession.php(49): Illuminate\\Pipeline\\Pipeline->Illuminate\\Pipeline\\{closure}(Object(Illuminate\\Http\\Request))
#26 C:\\Users\\d.gutierrezg\\Desktop\\laravel-auth\\vendor\\laravel\\framework\\src\\Illuminate\\Pipeline\\Pipeline.php(171): Illuminate\\View\\Middleware\\ShareErrorsFromSession->handle(Object(Illuminate\\Http\\Request), Object(Closure))
#27 C:\\Users\\d.gutierrezg\\Desktop\\laravel-auth\\vendor\\laravel\\framework\\src\\Illuminate\\Session\\Middleware\\StartSession.php(56): Illuminate\\Pipeline\\Pipeline->Illuminate\\Pipeline\\{closure}(Object(Illuminate\\Http\\Request))
#28 C:\\Users\\d.gutierrezg\\Desktop\\laravel-auth\\vendor\\laravel\\framework\\src\\Illuminate\\Pipeline\\Pipeline.php(171): Illuminate\\Session\\Middleware\\StartSession->handle(Object(Illuminate\\Http\\Request), Object(Closure))
#29 C:\\Users\\d.gutierrezg\\Desktop\\laravel-auth\\vendor\\laravel\\framework\\src\\Illuminate\\Cookie\\Middleware\\AddQueuedCookiesToResponse.php(37): Illuminate\\Pipeline\\Pipeline->Illuminate\\Pipeline\\{closure}(Object(Illuminate\\Http\\Request))
#30 C:\\Users\\d.gutierrezg\\Desktop\\laravel-auth\\vendor\\laravel\\framework\\src\\Illuminate\\Pipeline\\Pipeline.php(171): Illuminate\\Cookie\\Middleware\\AddQueuedCookiesToResponse->handle(Object(Illuminate\\Http\\Request), Object(Closure))
#31 C:\\Users\\d.gutierrezg\\Desktop\\laravel-auth\\vendor\\laravel\\framework\\src\\Illuminate\\Cookie\\Middleware\\EncryptCookies.php(66): Illuminate\\Pipeline\\Pipeline->Illuminate\\Pipeline\\{closure}(Object(Illuminate\\Http\\Request))
#32 C:\\Users\\d.gutierrezg\\Desktop\\laravel-auth\\vendor\\laravel\\framework\\src\\Illuminate\\Pipeline\\Pipeline.php(171): Illuminate\\Cookie\\Middleware\\EncryptCookies->handle(Object(Illuminate\\Http\\Request), Object(Closure))
#33 C:\\Users\\d.gutierrezg\\Desktop\\laravel-auth\\vendor\\laravel\\framework\\src\\Illuminate\\Pipeline\\Pipeline.php(105): Illuminate\\Pipeline\\Pipeline->Illuminate\\Pipeline\\{closure}(Object(Illuminate\\Http\\Request))
#34 C:\\Users\\d.gutierrezg\\Desktop\\laravel-auth\\vendor\\laravel\\framework\\src\\Illuminate\\Routing\\Router.php(683): Illuminate\\Pipeline\\Pipeline->then(Object(Closure))
#35 C:\\Users\\d.gutierrezg\\Desktop\\laravel-auth\\vendor\\laravel\\framework\\src\\Illuminate\\Routing\\Router.php(658): Illuminate\\Routing\\Router->runRouteWithinStack(Object(Illuminate\\Routing\\Route), Object(Illuminate\\Http\\Request))
#36 C:\\Users\\d.gutierrezg\\Desktop\\laravel-auth\\vendor\\laravel\\framework\\src\\Illuminate\\Routing\\Router.php(624): Illuminate\\Routing\\Router->runRoute(Object(Illuminate\\Http\\Request), Object(Illuminate\\Routing\\Route))
#37 C:\\Users\\d.gutierrezg\\Desktop\\laravel-auth\\vendor\\laravel\\framework\\src\\Illuminate\\Routing\\Router.php(613): Illuminate\\Routing\\Router->dispatchToRoute(Object(Illuminate\\Http\\Request))
#38 C:\\Users\\d.gutierrezg\\Desktop\\laravel-auth\\vendor\\laravel\\framework\\src\\Illuminate\\Foundation\\Http\\Kernel.php(170): Illuminate\\Routing\\Router->dispatch(Object(Illuminate\\Http\\Request))
#39 C:\\Users\\d.gutierrezg\\Desktop\\laravel-auth\\vendor\\laravel\\framework\\src\\Illuminate\\Pipeline\\Pipeline.php(130): Illuminate\\Foundation\\Http\\Kernel->Illuminate\\Foundation\\Http\\{closure}(Object(Illuminate\\Http\\Request))
#40 C:\\Users\\d.gutierrezg\\Desktop\\laravel-auth\\vendor\\barryvdh\\laravel-debugbar\\src\\Middleware\\InjectDebugbar.php(65): Illuminate\\Pipeline\\Pipeline->Illuminate\\Pipeline\\{closure}(Object(Illuminate\\Http\\Request))
#41 C:\\Users\\d.gutierrezg\\Desktop\\laravel-auth\\vendor\\laravel\\framework\\src\\Illuminate\\Pipeline\\Pipeline.php(171): Barryvdh\\Debugbar\\Middleware\\InjectDebugbar->handle(Object(Illuminate\\Http\\Request), Object(Closure))
#42 C:\\Users\\d.gutierrezg\\Desktop\\laravel-auth\\vendor\\fideloper\\proxy\\src\\TrustProxies.php(57): Illuminate\\Pipeline\\Pipeline->Illuminate\\Pipeline\\{closure}(Object(Illuminate\\Http\\Request))
#43 C:\\Users\\d.gutierrezg\\Desktop\\laravel-auth\\vendor\\laravel\\framework\\src\\Illuminate\\Pipeline\\Pipeline.php(171): Fideloper\\Proxy\\TrustProxies->handle(Object(Illuminate\\Http\\Request), Object(Closure))
#44 C:\\Users\\d.gutierrezg\\Desktop\\laravel-auth\\vendor\\laravel\\framework\\src\\Illuminate\\Foundation\\Http\\Middleware\\TransformsRequest.php(21): Illuminate\\Pipeline\\Pipeline->Illuminate\\Pipeline\\{closure}(Object(Illuminate\\Http\\Request))
#45 C:\\Users\\d.gutierrezg\\Desktop\\laravel-auth\\vendor\\laravel\\framework\\src\\Illuminate\\Pipeline\\Pipeline.php(171): Illuminate\\Foundation\\Http\\Middleware\\TransformsRequest->handle(Object(Illuminate\\Http\\Request), Object(Closure))
#46 C:\\Users\\d.gutierrezg\\Desktop\\laravel-auth\\vendor\\laravel\\framework\\src\\Illuminate\\Foundation\\Http\\Middleware\\TransformsRequest.php(21): Illuminate\\Pipeline\\Pipeline->Illuminate\\Pipeline\\{closure}(Object(Illuminate\\Http\\Request))
#47 C:\\Users\\d.gutierrezg\\Desktop\\laravel-auth\\vendor\\laravel\\framework\\src\\Illuminate\\Pipeline\\Pipeline.php(171): Illuminate\\Foundation\\Http\\Middleware\\TransformsRequest->handle(Object(Illuminate\\Http\\Request), Object(Closure))
#48 C:\\Users\\d.gutierrezg\\Desktop\\laravel-auth\\vendor\\laravel\\framework\\src\\Illuminate\\Foundation\\Http\\Middleware\\ValidatePostSize.php(27): Illuminate\\Pipeline\\Pipeline->Illuminate\\Pipeline\\{closure}(Object(Illuminate\\Http\\Request))
#49 C:\\Users\\d.gutierrezg\\Desktop\\laravel-auth\\vendor\\laravel\\framework\\src\\Illuminate\\Pipeline\\Pipeline.php(171): Illuminate\\Foundation\\Http\\Middleware\\ValidatePostSize->handle(Object(Illuminate\\Http\\Request), Object(Closure))
#50 C:\\Users\\d.gutierrezg\\Desktop\\laravel-auth\\vendor\\laravel\\framework\\src\\Illuminate\\Foundation\\Http\\Middleware\\CheckForMaintenanceMode.php(63): Illuminate\\Pipeline\\Pipeline->Illuminate\\Pipeline\\{closure}(Object(Illuminate\\Http\\Request))
#51 C:\\Users\\d.gutierrezg\\Desktop\\laravel-auth\\vendor\\laravel\\framework\\src\\Illuminate\\Pipeline\\Pipeline.php(171): Illuminate\\Foundation\\Http\\Middleware\\CheckForMaintenanceMode->handle(Object(Illuminate\\Http\\Request), Object(Closure))
#52 C:\\Users\\d.gutierrezg\\Desktop\\laravel-auth\\vendor\\laravel\\framework\\src\\Illuminate\\Pipeline\\Pipeline.php(105): Illuminate\\Pipeline\\Pipeline->Illuminate\\Pipeline\\{closure}(Object(Illuminate\\Http\\Request))
#53 C:\\Users\\d.gutierrezg\\Desktop\\laravel-auth\\vendor\\laravel\\framework\\src\\Illuminate\\Foundation\\Http\\Kernel.php(145): Illuminate\\Pipeline\\Pipeline->then(Object(Closure))
#54 C:\\Users\\d.gutierrezg\\Desktop\\laravel-auth\\vendor\\laravel\\framework\\src\\Illuminate\\Foundation\\Http\\Kernel.php(110): Illuminate\\Foundation\\Http\\Kernel->sendRequestThroughRouter(Object(Illuminate\\Http\\Request))
#55 C:\\Users\\d.gutierrezg\\Desktop\\laravel-auth\\public\\index.php(52): Illuminate\\Foundation\\Http\\Kernel->handle(Object(Illuminate\\Http\\Request))
#56 C:\\Users\\d.gutierrezg\\Desktop\\laravel-auth\\server.php(19): require_once('C:\\\\Users\\\\d.guti...')
#57 {main}
"} 
[2020-01-28 19:14:16] local.INFO: Activated user attempted to visit activate.  [{"App\\Models\\User":{"id":1,"name":"evalyn32","first_name":"Hyman","last_name":"Luettgen","email":"admin@admin.com","signup_ip_address":null,"signup_confirmation_ip_address":"144.66.44.113","signup_sm_ip_address":null,"admin_ip_address":"164.234.42.248","updated_ip_address":"0.0.0.0","deleted_ip_address":null,"created_at":"2020-01-28 18:41:13","updated_at":"2020-01-28 18:58:15","deleted_at":null}}] 
[2020-01-28 19:30:06] local.ERROR: Class 'Locale' not found {"userId":1,"exception":"[object] (Symfony\\Component\\Debug\\Exception\\FatalThrowableError(code: 0): Class 'Locale' not found at C:\\Users\\d.gutierrezg\\Desktop\\laravel-auth\\vendor\\jeremykenedy\\laravel-logger\\src\\app\\Http\\Traits\\UserAgentDetails.php:95)
[stacktrace]
#0 C:\\Users\\d.gutierrezg\\Desktop\\laravel-auth\\vendor\\jeremykenedy\\laravel-logger\\src\\app\\Http\\Controllers\\LaravelLoggerController.php(52): jeremykenedy\\LaravelLogger\\App\\Http\\Traits\\UserAgentDetails::localeLang('es-CO,es-419;q=...')
#1 [internal function]: jeremykenedy\\LaravelLogger\\App\\Http\\Controllers\\LaravelLoggerController->jeremykenedy\\LaravelLogger\\App\\Http\\Controllers\\{closure}(Object(jeremykenedy\\LaravelLogger\\App\\Models\\Activity), 0)
#2 C:\\Users\\d.gutierrezg\\Desktop\\laravel-auth\\vendor\\laravel\\framework\\src\\Illuminate\\Support\\Collection.php(638): array_map(Object(Closure), Array, Array)
#3 C:\\Users\\d.gutierrezg\\Desktop\\laravel-auth\\vendor\\laravel\\framework\\src\\Illuminate\\Database\\Eloquent\\Collection.php(254): Illuminate\\Support\\Collection->map(Object(Closure))
#4 C:\\Users\\d.gutierrezg\\Desktop\\laravel-auth\\vendor\\laravel\\framework\\src\\Illuminate\\Support\\Traits\\ForwardsCalls.php(23): Illuminate\\Database\\Eloquent\\Collection->map(Object(Closure))
#5 C:\\Users\\d.gutierrezg\\Desktop\\laravel-auth\\vendor\\laravel\\framework\\src\\Illuminate\\Pagination\\AbstractPaginator.php(657): Illuminate\\Pagination\\AbstractPaginator->forwardCallTo(Object(Illuminate\\Database\\Eloquent\\Collection), 'map', Array)
#6 C:\\Users\\d.gutierrezg\\Desktop\\laravel-auth\\vendor\\jeremykenedy\\laravel-logger\\src\\app\\Http\\Controllers\\LaravelLoggerController.php(56): Illuminate\\Pagination\\AbstractPaginator->__call('map', Array)
#7 C:\\Users\\d.gutierrezg\\Desktop\\laravel-auth\\vendor\\jeremykenedy\\laravel-logger\\src\\app\\Http\\Controllers\\LaravelLoggerController.php(85): jeremykenedy\\LaravelLogger\\App\\Http\\Controllers\\LaravelLoggerController->mapAdditionalDetails(Object(Illuminate\\Pagination\\LengthAwarePaginator))
#8 [internal function]: jeremykenedy\\LaravelLogger\\App\\Http\\Controllers\\LaravelLoggerController->showAccessLog(Object(Illuminate\\Http\\Request))
#9 C:\\Users\\d.gutierrezg\\Desktop\\laravel-auth\\vendor\\laravel\\framework\\src\\Illuminate\\Routing\\Controller.php(54): call_user_func_array(Array, Array)
#10 C:\\Users\\d.gutierrezg\\Desktop\\laravel-auth\\vendor\\laravel\\framework\\src\\Illuminate\\Routing\\ControllerDispatcher.php(45): Illuminate\\Routing\\Controller->callAction('showAccessLog', Array)
#11 C:\\Users\\d.gutierrezg\\Desktop\\laravel-auth\\vendor\\laravel\\framework\\src\\Illuminate\\Routing\\Route.php(219): Illuminate\\Routing\\ControllerDispatcher->dispatch(Object(Illuminate\\Routing\\Route), Object(jeremykenedy\\LaravelLogger\\App\\Http\\Controllers\\LaravelLoggerController), 'showAccessLog')
#12 C:\\Users\\d.gutierrezg\\Desktop\\laravel-auth\\vendor\\laravel\\framework\\src\\Illuminate\\Routing\\Route.php(176): Illuminate\\Routing\\Route->runController()
#13 C:\\Users\\d.gutierrezg\\Desktop\\laravel-auth\\vendor\\laravel\\framework\\src\\Illuminate\\Routing\\Router.php(681): Illuminate\\Routing\\Route->run()
#14 C:\\Users\\d.gutierrezg\\Desktop\\laravel-auth\\vendor\\laravel\\framework\\src\\Illuminate\\Pipeline\\Pipeline.php(130): Illuminate\\Routing\\Router->Illuminate\\Routing\\{closure}(Object(Illuminate\\Http\\Request))
#15 C:\\Users\\d.gutierrezg\\Desktop\\laravel-auth\\vendor\\jeremykenedy\\laravel-roles\\src\\App\\Http\\Middleware\\VerifyRole.php(41): Illuminate\\Pipeline\\Pipeline->Illuminate\\Pipeline\\{closure}(Object(Illuminate\\Http\\Request))
#16 C:\\Users\\d.gutierrezg\\Desktop\\laravel-auth\\vendor\\laravel\\framework\\src\\Illuminate\\Pipeline\\Pipeline.php(171): jeremykenedy\\LaravelRoles\\App\\Http\\Middleware\\VerifyRole->handle(Object(Illuminate\\Http\\Request), Object(Closure), 'admin')
#17 C:\\Users\\d.gutierrezg\\Desktop\\laravel-auth\\vendor\\jeremykenedy\\laravel-logger\\src\\app\\Http\\Middleware\\LogActivity.php(27): Illuminate\\Pipeline\\Pipeline->Illuminate\\Pipeline\\{closure}(Object(Illuminate\\Http\\Request))
#18 C:\\Users\\d.gutierrezg\\Desktop\\laravel-auth\\vendor\\laravel\\framework\\src\\Illuminate\\Pipeline\\Pipeline.php(171): jeremykenedy\\LaravelLogger\\App\\Http\\Middleware\\LogActivity->handle(Object(Illuminate\\Http\\Request), Object(Closure))
#19 C:\\Users\\d.gutierrezg\\Desktop\\laravel-auth\\vendor\\laravel\\framework\\src\\Illuminate\\Routing\\Middleware\\SubstituteBindings.php(41): Illuminate\\Pipeline\\Pipeline->Illuminate\\Pipeline\\{closure}(Object(Illuminate\\Http\\Request))
#20 C:\\Users\\d.gutierrezg\\Desktop\\laravel-auth\\vendor\\laravel\\framework\\src\\Illuminate\\Pipeline\\Pipeline.php(171): Illuminate\\Routing\\Middleware\\SubstituteBindings->handle(Object(Illuminate\\Http\\Request), Object(Closure))
#21 C:\\Users\\d.gutierrezg\\Desktop\\laravel-auth\\vendor\\laravel\\framework\\src\\Illuminate\\Auth\\Middleware\\Authenticate.php(43): Illuminate\\Pipeline\\Pipeline->Illuminate\\Pipeline\\{closure}(Object(Illuminate\\Http\\Request))
#22 C:\\Users\\d.gutierrezg\\Desktop\\laravel-auth\\vendor\\laravel\\framework\\src\\Illuminate\\Pipeline\\Pipeline.php(171): Illuminate\\Auth\\Middleware\\Authenticate->handle(Object(Illuminate\\Http\\Request), Object(Closure))
#23 C:\\Users\\d.gutierrezg\\Desktop\\laravel-auth\\vendor\\laravel\\framework\\src\\Illuminate\\Foundation\\Http\\Middleware\\VerifyCsrfToken.php(76): Illuminate\\Pipeline\\Pipeline->Illuminate\\Pipeline\\{closure}(Object(Illuminate\\Http\\Request))
#24 C:\\Users\\d.gutierrezg\\Desktop\\laravel-auth\\vendor\\laravel\\framework\\src\\Illuminate\\Pipeline\\Pipeline.php(171): Illuminate\\Foundation\\Http\\Middleware\\VerifyCsrfToken->handle(Object(Illuminate\\Http\\Request), Object(Closure))
#25 C:\\Users\\d.gutierrezg\\Desktop\\laravel-auth\\vendor\\laravel\\framework\\src\\Illuminate\\View\\Middleware\\ShareErrorsFromSession.php(49): Illuminate\\Pipeline\\Pipeline->Illuminate\\Pipeline\\{closure}(Object(Illuminate\\Http\\Request))
#26 C:\\Users\\d.gutierrezg\\Desktop\\laravel-auth\\vendor\\laravel\\framework\\src\\Illuminate\\Pipeline\\Pipeline.php(171): Illuminate\\View\\Middleware\\ShareErrorsFromSession->handle(Object(Illuminate\\Http\\Request), Object(Closure))
#27 C:\\Users\\d.gutierrezg\\Desktop\\laravel-auth\\vendor\\laravel\\framework\\src\\Illuminate\\Session\\Middleware\\StartSession.php(56): Illuminate\\Pipeline\\Pipeline->Illuminate\\Pipeline\\{closure}(Object(Illuminate\\Http\\Request))
#28 C:\\Users\\d.gutierrezg\\Desktop\\laravel-auth\\vendor\\laravel\\framework\\src\\Illuminate\\Pipeline\\Pipeline.php(171): Illuminate\\Session\\Middleware\\StartSession->handle(Object(Illuminate\\Http\\Request), Object(Closure))
#29 C:\\Users\\d.gutierrezg\\Desktop\\laravel-auth\\vendor\\laravel\\framework\\src\\Illuminate\\Cookie\\Middleware\\AddQueuedCookiesToResponse.php(37): Illuminate\\Pipeline\\Pipeline->Illuminate\\Pipeline\\{closure}(Object(Illuminate\\Http\\Request))
#30 C:\\Users\\d.gutierrezg\\Desktop\\laravel-auth\\vendor\\laravel\\framework\\src\\Illuminate\\Pipeline\\Pipeline.php(171): Illuminate\\Cookie\\Middleware\\AddQueuedCookiesToResponse->handle(Object(Illuminate\\Http\\Request), Object(Closure))
#31 C:\\Users\\d.gutierrezg\\Desktop\\laravel-auth\\vendor\\laravel\\framework\\src\\Illuminate\\Cookie\\Middleware\\EncryptCookies.php(66): Illuminate\\Pipeline\\Pipeline->Illuminate\\Pipeline\\{closure}(Object(Illuminate\\Http\\Request))
#32 C:\\Users\\d.gutierrezg\\Desktop\\laravel-auth\\vendor\\laravel\\framework\\src\\Illuminate\\Pipeline\\Pipeline.php(171): Illuminate\\Cookie\\Middleware\\EncryptCookies->handle(Object(Illuminate\\Http\\Request), Object(Closure))
#33 C:\\Users\\d.gutierrezg\\Desktop\\laravel-auth\\vendor\\laravel\\framework\\src\\Illuminate\\Pipeline\\Pipeline.php(105): Illuminate\\Pipeline\\Pipeline->Illuminate\\Pipeline\\{closure}(Object(Illuminate\\Http\\Request))
#34 C:\\Users\\d.gutierrezg\\Desktop\\laravel-auth\\vendor\\laravel\\framework\\src\\Illuminate\\Routing\\Router.php(683): Illuminate\\Pipeline\\Pipeline->then(Object(Closure))
#35 C:\\Users\\d.gutierrezg\\Desktop\\laravel-auth\\vendor\\laravel\\framework\\src\\Illuminate\\Routing\\Router.php(658): Illuminate\\Routing\\Router->runRouteWithinStack(Object(Illuminate\\Routing\\Route), Object(Illuminate\\Http\\Request))
#36 C:\\Users\\d.gutierrezg\\Desktop\\laravel-auth\\vendor\\laravel\\framework\\src\\Illuminate\\Routing\\Router.php(624): Illuminate\\Routing\\Router->runRoute(Object(Illuminate\\Http\\Request), Object(Illuminate\\Routing\\Route))
#37 C:\\Users\\d.gutierrezg\\Desktop\\laravel-auth\\vendor\\laravel\\framework\\src\\Illuminate\\Routing\\Router.php(613): Illuminate\\Routing\\Router->dispatchToRoute(Object(Illuminate\\Http\\Request))
#38 C:\\Users\\d.gutierrezg\\Desktop\\laravel-auth\\vendor\\laravel\\framework\\src\\Illuminate\\Foundation\\Http\\Kernel.php(170): Illuminate\\Routing\\Router->dispatch(Object(Illuminate\\Http\\Request))
#39 C:\\Users\\d.gutierrezg\\Desktop\\laravel-auth\\vendor\\laravel\\framework\\src\\Illuminate\\Pipeline\\Pipeline.php(130): Illuminate\\Foundation\\Http\\Kernel->Illuminate\\Foundation\\Http\\{closure}(Object(Illuminate\\Http\\Request))
#40 C:\\Users\\d.gutierrezg\\Desktop\\laravel-auth\\vendor\\barryvdh\\laravel-debugbar\\src\\Middleware\\InjectDebugbar.php(65): Illuminate\\Pipeline\\Pipeline->Illuminate\\Pipeline\\{closure}(Object(Illuminate\\Http\\Request))
#41 C:\\Users\\d.gutierrezg\\Desktop\\laravel-auth\\vendor\\laravel\\framework\\src\\Illuminate\\Pipeline\\Pipeline.php(171): Barryvdh\\Debugbar\\Middleware\\InjectDebugbar->handle(Object(Illuminate\\Http\\Request), Object(Closure))
#42 C:\\Users\\d.gutierrezg\\Desktop\\laravel-auth\\vendor\\fideloper\\proxy\\src\\TrustProxies.php(57): Illuminate\\Pipeline\\Pipeline->Illuminate\\Pipeline\\{closure}(Object(Illuminate\\Http\\Request))
#43 C:\\Users\\d.gutierrezg\\Desktop\\laravel-auth\\vendor\\laravel\\framework\\src\\Illuminate\\Pipeline\\Pipeline.php(171): Fideloper\\Proxy\\TrustProxies->handle(Object(Illuminate\\Http\\Request), Object(Closure))
#44 C:\\Users\\d.gutierrezg\\Desktop\\laravel-auth\\vendor\\laravel\\framework\\src\\Illuminate\\Foundation\\Http\\Middleware\\TransformsRequest.php(21): Illuminate\\Pipeline\\Pipeline->Illuminate\\Pipeline\\{closure}(Object(Illuminate\\Http\\Request))
#45 C:\\Users\\d.gutierrezg\\Desktop\\laravel-auth\\vendor\\laravel\\framework\\src\\Illuminate\\Pipeline\\Pipeline.php(171): Illuminate\\Foundation\\Http\\Middleware\\TransformsRequest->handle(Object(Illuminate\\Http\\Request), Object(Closure))
#46 C:\\Users\\d.gutierrezg\\Desktop\\laravel-auth\\vendor\\laravel\\framework\\src\\Illuminate\\Foundation\\Http\\Middleware\\TransformsRequest.php(21): Illuminate\\Pipeline\\Pipeline->Illuminate\\Pipeline\\{closure}(Object(Illuminate\\Http\\Request))
#47 C:\\Users\\d.gutierrezg\\Desktop\\laravel-auth\\vendor\\laravel\\framework\\src\\Illuminate\\Pipeline\\Pipeline.php(171): Illuminate\\Foundation\\Http\\Middleware\\TransformsRequest->handle(Object(Illuminate\\Http\\Request), Object(Closure))
#48 C:\\Users\\d.gutierrezg\\Desktop\\laravel-auth\\vendor\\laravel\\framework\\src\\Illuminate\\Foundation\\Http\\Middleware\\ValidatePostSize.php(27): Illuminate\\Pipeline\\Pipeline->Illuminate\\Pipeline\\{closure}(Object(Illuminate\\Http\\Request))
#49 C:\\Users\\d.gutierrezg\\Desktop\\laravel-auth\\vendor\\laravel\\framework\\src\\Illuminate\\Pipeline\\Pipeline.php(171): Illuminate\\Foundation\\Http\\Middleware\\ValidatePostSize->handle(Object(Illuminate\\Http\\Request), Object(Closure))
#50 C:\\Users\\d.gutierrezg\\Desktop\\laravel-auth\\vendor\\laravel\\framework\\src\\Illuminate\\Foundation\\Http\\Middleware\\CheckForMaintenanceMode.php(63): Illuminate\\Pipeline\\Pipeline->Illuminate\\Pipeline\\{closure}(Object(Illuminate\\Http\\Request))
#51 C:\\Users\\d.gutierrezg\\Desktop\\laravel-auth\\vendor\\laravel\\framework\\src\\Illuminate\\Pipeline\\Pipeline.php(171): Illuminate\\Foundation\\Http\\Middleware\\CheckForMaintenanceMode->handle(Object(Illuminate\\Http\\Request), Object(Closure))
#52 C:\\Users\\d.gutierrezg\\Desktop\\laravel-auth\\vendor\\laravel\\framework\\src\\Illuminate\\Pipeline\\Pipeline.php(105): Illuminate\\Pipeline\\Pipeline->Illuminate\\Pipeline\\{closure}(Object(Illuminate\\Http\\Request))
#53 C:\\Users\\d.gutierrezg\\Desktop\\laravel-auth\\vendor\\laravel\\framework\\src\\Illuminate\\Foundation\\Http\\Kernel.php(145): Illuminate\\Pipeline\\Pipeline->then(Object(Closure))
#54 C:\\Users\\d.gutierrezg\\Desktop\\laravel-auth\\vendor\\laravel\\framework\\src\\Illuminate\\Foundation\\Http\\Kernel.php(110): Illuminate\\Foundation\\Http\\Kernel->sendRequestThroughRouter(Object(Illuminate\\Http\\Request))
#55 C:\\Users\\d.gutierrezg\\Desktop\\laravel-auth\\public\\index.php(52): Illuminate\\Foundation\\Http\\Kernel->handle(Object(Illuminate\\Http\\Request))
#56 C:\\Users\\d.gutierrezg\\Desktop\\laravel-auth\\server.php(19): require_once('C:\\\\Users\\\\d.guti...')
#57 {main}
"} 
[2020-01-28 21:44:37] local.INFO: CheckCurrentUser middlware was used: profile.edit.  [{"App\\Models\\User":{"id":1,"name":"evalyn32","first_name":"Hyman","last_name":"Luettgen","email":"admin@admin.com","signup_ip_address":null,"signup_confirmation_ip_address":"144.66.44.113","signup_sm_ip_address":null,"admin_ip_address":"164.234.42.248","updated_ip_address":"0.0.0.0","deleted_ip_address":null,"created_at":"2020-01-28 18:41:13","updated_at":"2020-01-28 18:58:15","deleted_at":null,"profile":{"id":1,"user_id":1,"theme_id":18,"location":null,"bio":null,"twitter_username":null,"github_username":null,"avatar":null,"avatar_status":0,"created_at":"2020-01-28 18:41:13","updated_at":"2020-01-28 18:58:36"}}}] 
[2020-01-28 21:45:56] local.INFO: CheckCurrentUser middlware was used: profile.edit.  [{"App\\Models\\User":{"id":1,"name":"evalyn32","first_name":"Hyman","last_name":"Luettgen","email":"admin@admin.com","signup_ip_address":null,"signup_confirmation_ip_address":"144.66.44.113","signup_sm_ip_address":null,"admin_ip_address":"164.234.42.248","updated_ip_address":"0.0.0.0","deleted_ip_address":null,"created_at":"2020-01-28 18:41:13","updated_at":"2020-01-28 18:58:15","deleted_at":null,"profile":{"id":1,"user_id":1,"theme_id":18,"location":null,"bio":null,"twitter_username":null,"github_username":null,"avatar":null,"avatar_status":0,"created_at":"2020-01-28 18:41:13","updated_at":"2020-01-28 18:58:36"}}}] 
[2020-01-28 21:50:11] local.INFO: CheckCurrentUser middlware was used: profile.edit.  [{"App\\Models\\User":{"id":1,"name":"evalyn32","first_name":"Hyman","last_name":"Luettgen","email":"admin@admin.com","signup_ip_address":null,"signup_confirmation_ip_address":"144.66.44.113","signup_sm_ip_address":null,"admin_ip_address":"164.234.42.248","updated_ip_address":"0.0.0.0","deleted_ip_address":null,"created_at":"2020-01-28 18:41:13","updated_at":"2020-01-28 18:58:15","deleted_at":null,"profile":{"id":1,"user_id":1,"theme_id":18,"location":null,"bio":null,"twitter_username":null,"github_username":null,"avatar":null,"avatar_status":0,"created_at":"2020-01-28 18:41:13","updated_at":"2020-01-28 18:58:36"}}}] 
[2020-01-28 21:50:20] local.INFO: CheckCurrentUser middlware was used: profile.update.  [{"App\\Models\\User":{"id":1,"name":"evalyn32","first_name":"Hyman","last_name":"Luettgen","email":"admin@admin.com","signup_ip_address":null,"signup_confirmation_ip_address":"144.66.44.113","signup_sm_ip_address":null,"admin_ip_address":"164.234.42.248","updated_ip_address":"0.0.0.0","deleted_ip_address":null,"created_at":"2020-01-28 18:41:13","updated_at":"2020-01-28 18:58:15","deleted_at":null}}] 
[2020-01-28 21:50:22] local.INFO: CheckCurrentUser middlware was used: profile.edit.  [{"App\\Models\\User":{"id":1,"name":"evalyn32","first_name":"Hyman","last_name":"Luettgen","email":"admin@admin.com","signup_ip_address":null,"signup_confirmation_ip_address":"144.66.44.113","signup_sm_ip_address":null,"admin_ip_address":"164.234.42.248","updated_ip_address":"0.0.0.0","deleted_ip_address":null,"created_at":"2020-01-28 18:41:13","updated_at":"2020-01-28 18:58:15","deleted_at":null,"profile":{"id":1,"user_id":1,"theme_id":18,"location":null,"bio":"Prueba","twitter_username":null,"github_username":null,"avatar":null,"avatar_status":0,"created_at":"2020-01-28 18:41:13","updated_at":"2020-01-28 21:50:20"}}}] 
[2020-01-28 21:50:38] local.INFO: CheckCurrentUser middlware was used: profile.edit.  [{"App\\Models\\User":{"id":1,"name":"evalyn32","first_name":"Hyman","last_name":"Luettgen","email":"admin@admin.com","signup_ip_address":null,"signup_confirmation_ip_address":"144.66.44.113","signup_sm_ip_address":null,"admin_ip_address":"164.234.42.248","updated_ip_address":"0.0.0.0","deleted_ip_address":null,"created_at":"2020-01-28 18:41:13","updated_at":"2020-01-28 18:58:15","deleted_at":null,"profile":{"id":1,"user_id":1,"theme_id":18,"location":null,"bio":"Prueba","twitter_username":null,"github_username":null,"avatar":null,"avatar_status":0,"created_at":"2020-01-28 18:41:13","updated_at":"2020-01-28 21:50:20"}}}] 
[2020-01-28 21:51:26] local.INFO: CheckCurrentUser middlware was used: profile.edit.  [{"App\\Models\\User":{"id":1,"name":"evalyn32","first_name":"Hyman","last_name":"Luettgen","email":"admin@admin.com","signup_ip_address":null,"signup_confirmation_ip_address":"144.66.44.113","signup_sm_ip_address":null,"admin_ip_address":"164.234.42.248","updated_ip_address":"0.0.0.0","deleted_ip_address":null,"created_at":"2020-01-28 18:41:13","updated_at":"2020-01-28 18:58:15","deleted_at":null,"profile":{"id":1,"user_id":1,"theme_id":18,"location":null,"bio":"Prueba","twitter_username":null,"github_username":null,"avatar":null,"avatar_status":0,"created_at":"2020-01-28 18:41:13","updated_at":"2020-01-28 21:50:20"}}}] 
[2020-01-28 21:52:14] local.INFO: CheckCurrentUser middlware was used: profile.edit.  [{"App\\Models\\User":{"id":1,"name":"evalyn32","first_name":"Hyman","last_name":"Luettgen","email":"admin@admin.com","signup_ip_address":null,"signup_confirmation_ip_address":"144.66.44.113","signup_sm_ip_address":null,"admin_ip_address":"164.234.42.248","updated_ip_address":"0.0.0.0","deleted_ip_address":null,"created_at":"2020-01-28 18:41:13","updated_at":"2020-01-28 18:58:15","deleted_at":null,"profile":{"id":1,"user_id":1,"theme_id":18,"location":null,"bio":"Prueba","twitter_username":null,"github_username":null,"avatar":null,"avatar_status":0,"created_at":"2020-01-28 18:41:13","updated_at":"2020-01-28 21:50:20"}}}] 
[2020-01-28 21:54:15] local.INFO: CheckCurrentUser middlware was used: profile.edit.  [{"App\\Models\\User":{"id":1,"name":"evalyn32","first_name":"Hyman","last_name":"Luettgen","email":"admin@admin.com","signup_ip_address":null,"signup_confirmation_ip_address":"144.66.44.113","signup_sm_ip_address":null,"admin_ip_address":"164.234.42.248","updated_ip_address":"0.0.0.0","deleted_ip_address":null,"created_at":"2020-01-28 18:41:13","updated_at":"2020-01-28 18:58:15","deleted_at":null,"profile":{"id":1,"user_id":1,"theme_id":18,"location":null,"bio":"Prueba","twitter_username":null,"github_username":null,"avatar":null,"avatar_status":0,"created_at":"2020-01-28 18:41:13","updated_at":"2020-01-28 21:50:20"}}}] 
[2020-01-28 21:54:37] local.INFO: CheckCurrentUser middlware was used: profile.update.  [{"App\\Models\\User":{"id":1,"name":"evalyn32","first_name":"Hyman","last_name":"Luettgen","email":"admin@admin.com","signup_ip_address":null,"signup_confirmation_ip_address":"144.66.44.113","signup_sm_ip_address":null,"admin_ip_address":"164.234.42.248","updated_ip_address":"0.0.0.0","deleted_ip_address":null,"created_at":"2020-01-28 18:41:13","updated_at":"2020-01-28 18:58:15","deleted_at":null}}] 
[2020-01-28 21:54:40] local.INFO: CheckCurrentUser middlware was used: profile.edit.  [{"App\\Models\\User":{"id":1,"name":"evalyn32","first_name":"Hyman","last_name":"Luettgen","email":"admin@admin.com","signup_ip_address":null,"signup_confirmation_ip_address":"144.66.44.113","signup_sm_ip_address":null,"admin_ip_address":"164.234.42.248","updated_ip_address":"0.0.0.0","deleted_ip_address":null,"created_at":"2020-01-28 18:41:13","updated_at":"2020-01-28 18:58:15","deleted_at":null,"profile":{"id":1,"user_id":1,"theme_id":20,"location":null,"bio":"Prueba","twitter_username":null,"github_username":null,"avatar":null,"avatar_status":0,"created_at":"2020-01-28 18:41:13","updated_at":"2020-01-28 21:54:37"}}}] 
[2020-01-28 21:54:53] local.INFO: CheckCurrentUser middlware was used: profile.update.  [{"App\\Models\\User":{"id":1,"name":"evalyn32","first_name":"Hyman","last_name":"Luettgen","email":"admin@admin.com","signup_ip_address":null,"signup_confirmation_ip_address":"144.66.44.113","signup_sm_ip_address":null,"admin_ip_address":"164.234.42.248","updated_ip_address":"0.0.0.0","deleted_ip_address":null,"created_at":"2020-01-28 18:41:13","updated_at":"2020-01-28 18:58:15","deleted_at":null}}] 
[2020-01-28 21:54:56] local.INFO: CheckCurrentUser middlware was used: profile.edit.  [{"App\\Models\\User":{"id":1,"name":"evalyn32","first_name":"Hyman","last_name":"Luettgen","email":"admin@admin.com","signup_ip_address":null,"signup_confirmation_ip_address":"144.66.44.113","signup_sm_ip_address":null,"admin_ip_address":"164.234.42.248","updated_ip_address":"0.0.0.0","deleted_ip_address":null,"created_at":"2020-01-28 18:41:13","updated_at":"2020-01-28 18:58:15","deleted_at":null,"profile":{"id":1,"user_id":1,"theme_id":17,"location":null,"bio":"Prueba","twitter_username":null,"github_username":null,"avatar":null,"avatar_status":0,"created_at":"2020-01-28 18:41:13","updated_at":"2020-01-28 21:54:53"}}}] 
[2020-01-28 21:57:13] local.INFO: User Logged Out.  [{"App\\Models\\User":{"id":1,"name":"evalyn32","first_name":"Hyman","last_name":"Luettgen","email":"admin@admin.com","signup_ip_address":null,"signup_confirmation_ip_address":"144.66.44.113","signup_sm_ip_address":null,"admin_ip_address":"164.234.42.248","updated_ip_address":"0.0.0.0","deleted_ip_address":null,"created_at":"2020-01-28 18:41:13","updated_at":"2020-01-28 18:58:15","deleted_at":null}}] 
